{
  "C:/dev/storycat/src/layout/Header.jsx": {
    "path": "C:/dev/storycat/src/layout/Header.jsx",
    "statementMap": {
      "0": {
        "start": {
          "line": 7,
          "column": 15
        },
        "end": {
          "line": 61,
          "column": 1
        }
      },
      "1": {
        "start": {
          "line": 8,
          "column": 2
        },
        "end": {
          "line": 60,
          "column": 11
        }
      },
      "2": {
        "start": {
          "line": 62,
          "column": 0
        },
        "end": {
          "line": 62,
          "column": 12
        }
      },
      "3": {
        "start": {
          "line": 65,
          "column": 0
        },
        "end": {
          "line": 65,
          "column": 27
        }
      },
      "4": {
        "start": {
          "line": 67,
          "column": 20
        },
        "end": {
          "line": 67,
          "column": 97
        }
      },
      "5": {
        "start": {
          "line": 68,
          "column": 0
        },
        "end": {
          "line": 82,
          "column": 1
        }
      },
      "6": {
        "start": {
          "line": 69,
          "column": 2
        },
        "end": {
          "line": 73,
          "column": 3
        }
      },
      "7": {
        "start": {
          "line": 70,
          "column": 4
        },
        "end": {
          "line": 72,
          "column": 6
        }
      },
      "8": {
        "start": {
          "line": 74,
          "column": 2
        },
        "end": {
          "line": 81,
          "column": 5
        }
      },
      "9": {
        "start": {
          "line": 75,
          "column": 4
        },
        "end": {
          "line": 75,
          "column": 107
        }
      },
      "10": {
        "start": {
          "line": 76,
          "column": 4
        },
        "end": {
          "line": 80,
          "column": 7
        }
      },
      "11": {
        "start": {
          "line": 77,
          "column": 6
        },
        "end": {
          "line": 77,
          "column": 31
        }
      },
      "12": {
        "start": {
          "line": 77,
          "column": 24
        },
        "end": {
          "line": 77,
          "column": 31
        }
      },
      "13": {
        "start": {
          "line": 78,
          "column": 32
        },
        "end": {
          "line": 78,
          "column": 156
        }
      },
      "14": {
        "start": {
          "line": 79,
          "column": 6
        },
        "end": {
          "line": 79,
          "column": 75
        }
      },
      "15": {
        "start": {
          "line": 79,
          "column": 29
        },
        "end": {
          "line": 79,
          "column": 75
        }
      },
      "16": {
        "start": {
          "line": 84,
          "column": 2
        },
        "end": {
          "line": 84,
          "column": 86
        }
      },
      "17": {
        "start": {
          "line": 87,
          "column": 2
        },
        "end": {
          "line": 87,
          "column": 62
        }
      }
    },
    "fnMap": {
      "0": {
        "name": "(anonymous_0)",
        "decl": {
          "start": {
            "line": 7,
            "column": 15
          },
          "end": {
            "line": 7,
            "column": 16
          }
        },
        "loc": {
          "start": {
            "line": 7,
            "column": 21
          },
          "end": {
            "line": 61,
            "column": 1
          }
        },
        "line": 7
      },
      "1": {
        "name": "(anonymous_1)",
        "decl": {
          "start": {
            "line": 74,
            "column": 52
          },
          "end": {
            "line": 74,
            "column": 53
          }
        },
        "loc": {
          "start": {
            "line": 74,
            "column": 72
          },
          "end": {
            "line": 81,
            "column": 3
          }
        },
        "line": 74
      },
      "2": {
        "name": "(anonymous_2)",
        "decl": {
          "start": {
            "line": 76,
            "column": 27
          },
          "end": {
            "line": 76,
            "column": 28
          }
        },
        "loc": {
          "start": {
            "line": 76,
            "column": 44
          },
          "end": {
            "line": 80,
            "column": 5
          }
        },
        "line": 76
      },
      "3": {
        "name": "$RefreshReg$",
        "decl": {
          "start": {
            "line": 83,
            "column": 9
          },
          "end": {
            "line": 83,
            "column": 21
          }
        },
        "loc": {
          "start": {
            "line": 83,
            "column": 32
          },
          "end": {
            "line": 85,
            "column": 1
          }
        },
        "line": 83
      },
      "4": {
        "name": "$RefreshSig$",
        "decl": {
          "start": {
            "line": 86,
            "column": 9
          },
          "end": {
            "line": 86,
            "column": 21
          }
        },
        "loc": {
          "start": {
            "line": 86,
            "column": 24
          },
          "end": {
            "line": 88,
            "column": 1
          }
        },
        "line": 86
      }
    },
    "branchMap": {
      "0": {
        "loc": {
          "start": {
            "line": 67,
            "column": 20
          },
          "end": {
            "line": 67,
            "column": 97
          }
        },
        "type": "binary-expr",
        "locations": [
          {
            "start": {
              "line": 67,
              "column": 20
            },
            "end": {
              "line": 67,
              "column": 60
            }
          },
          {
            "start": {
              "line": 67,
              "column": 64
            },
            "end": {
              "line": 67,
              "column": 97
            }
          }
        ],
        "line": 67
      },
      "1": {
        "loc": {
          "start": {
            "line": 68,
            "column": 0
          },
          "end": {
            "line": 82,
            "column": 1
          }
        },
        "type": "if",
        "locations": [
          {
            "start": {
              "line": 68,
              "column": 0
            },
            "end": {
              "line": 82,
              "column": 1
            }
          },
          {
            "start": {},
            "end": {}
          }
        ],
        "line": 68
      },
      "2": {
        "loc": {
          "start": {
            "line": 68,
            "column": 4
          },
          "end": {
            "line": 68,
            "column": 35
          }
        },
        "type": "binary-expr",
        "locations": [
          {
            "start": {
              "line": 68,
              "column": 4
            },
            "end": {
              "line": 68,
              "column": 19
            }
          },
          {
            "start": {
              "line": 68,
              "column": 23
            },
            "end": {
              "line": 68,
              "column": 35
            }
          }
        ],
        "line": 68
      },
      "3": {
        "loc": {
          "start": {
            "line": 69,
            "column": 2
          },
          "end": {
            "line": 73,
            "column": 3
          }
        },
        "type": "if",
        "locations": [
          {
            "start": {
              "line": 69,
              "column": 2
            },
            "end": {
              "line": 73,
              "column": 3
            }
          },
          {
            "start": {},
            "end": {}
          }
        ],
        "line": 69
      },
      "4": {
        "loc": {
          "start": {
            "line": 77,
            "column": 6
          },
          "end": {
            "line": 77,
            "column": 31
          }
        },
        "type": "if",
        "locations": [
          {
            "start": {
              "line": 77,
              "column": 6
            },
            "end": {
              "line": 77,
              "column": 31
            }
          },
          {
            "start": {},
            "end": {}
          }
        ],
        "line": 77
      },
      "5": {
        "loc": {
          "start": {
            "line": 79,
            "column": 6
          },
          "end": {
            "line": 79,
            "column": 75
          }
        },
        "type": "if",
        "locations": [
          {
            "start": {
              "line": 79,
              "column": 6
            },
            "end": {
              "line": 79,
              "column": 75
            }
          },
          {
            "start": {},
            "end": {}
          }
        ],
        "line": 79
      }
    },
    "s": {
      "0": 7,
      "1": 12,
      "2": 7,
      "3": 7,
      "4": 7,
      "5": 7,
      "6": 7,
      "7": 0,
      "8": 7,
      "9": 7,
      "10": 7,
      "11": 0,
      "12": 0,
      "13": 0,
      "14": 0,
      "15": 0,
      "16": 7,
      "17": 0
    },
    "f": {
      "0": 12,
      "1": 7,
      "2": 0,
      "3": 7,
      "4": 0
    },
    "b": {
      "0": [
        7,
        0
      ],
      "1": [
        7,
        0
      ],
      "2": [
        7,
        7
      ],
      "3": [
        0,
        7
      ],
      "4": [
        0,
        0
      ],
      "5": [
        0,
        0
      ]
    },
    "inputSourceMap": {
      "version": 3,
      "mappings": "AAUM;AAVN,SAASA,YAAY;AACrB,OAAO;AAEP,OAAOC,cAAc;AACrB,OAAOC,cAAc;AACrB,OAAOC,cAAc;AAErB,MAAMC,SAASA,MAAM;AACnB,SACE,uBAAC,YAAO,WAAU,UAChB;AAAA,2BAAC,QAAK,IAAG,KAAI,WAAU,QAAO,wBAA9B;AAAA;AAAA;AAAA;AAAA,WAEA;AAAA,IAEA,uBAAC,SAAI,WAAU,OACb;AAAA,6BAAC,QAAK,IAAG,YAAW,uBAApB;AAAA;AAAA;AAAA;AAAA,aAA2B;AAAA,MAC3B,uBAAC,QAAK,IAAG,WAAU,qBAAnB;AAAA;AAAA;AAAA;AAAA,aAAwB;AAAA,MACxB,uBAAC,QAAK,IAAG,UAAS,qBAAlB;AAAA;AAAA;AAAA;AAAA,aAAuB;AAAA,SAHzB;AAAA;AAAA;AAAA;AAAA,WAIA;AAAA,IAEA,uBAAC,SAAI,WAAU,SACb;AAAA,6BAAC,SAAI,KAAKH,UAAU,KAAI,cAAa,WAAU,qBAA/C;AAAA;AAAA;AAAA;AAAA,aAAgE;AAAA,MAChE,uBAAC,SAAI,KAAKC,UAAU,KAAI,WAAU,WAAU,qBAA5C;AAAA;AAAA;AAAA;AAAA,aAA6D;AAAA,MAC7D,uBAAC,SAAI,KAAKC,UAAU,KAAI,QAAO,WAAU,qBAAzC;AAAA;AAAA;AAAA;AAAA,aAA0D;AAAA,SAH5D;AAAA;AAAA;AAAA;AAAA,WAIA;AAAA,OAfF;AAAA;AAAA;AAAA;AAAA,SAgBA;AAEJ;AAACE,KApBKD;AAsBN,eAAeA;AAAM,IAAAC;AAAA,aAAAA,IAAA",
      "names": [
        "Link",
        "bellIcon",
        "userIcon",
        "menuIcon",
        "Header",
        "_c"
      ],
      "ignoreList": [],
      "sources": [
        "C:/dev/storycat/src/layout/Header.jsx"
      ],
      "file": "C:/dev/storycat/src/layout/Header.jsx"
    },
    "_coverageSchema": "1a1c01bbd47fc00a2c39e90264f33305004495a9",
    "hash": "d018c9d60f397374e330d684bc9775559e100b7a"
  },
  "C:/dev/storycat/src/layout/Layout.jsx": {
    "path": "C:/dev/storycat/src/layout/Layout.jsx",
    "statementMap": {
      "0": {
        "start": {
          "line": 4,
          "column": 15
        },
        "end": {
          "line": 25,
          "column": 1
        }
      },
      "1": {
        "start": {
          "line": 5,
          "column": 2
        },
        "end": {
          "line": 24,
          "column": 11
        }
      },
      "2": {
        "start": {
          "line": 26,
          "column": 0
        },
        "end": {
          "line": 26,
          "column": 12
        }
      },
      "3": {
        "start": {
          "line": 29,
          "column": 0
        },
        "end": {
          "line": 29,
          "column": 27
        }
      },
      "4": {
        "start": {
          "line": 31,
          "column": 20
        },
        "end": {
          "line": 31,
          "column": 97
        }
      },
      "5": {
        "start": {
          "line": 32,
          "column": 0
        },
        "end": {
          "line": 46,
          "column": 1
        }
      },
      "6": {
        "start": {
          "line": 33,
          "column": 2
        },
        "end": {
          "line": 37,
          "column": 3
        }
      },
      "7": {
        "start": {
          "line": 34,
          "column": 4
        },
        "end": {
          "line": 36,
          "column": 6
        }
      },
      "8": {
        "start": {
          "line": 38,
          "column": 2
        },
        "end": {
          "line": 45,
          "column": 5
        }
      },
      "9": {
        "start": {
          "line": 39,
          "column": 4
        },
        "end": {
          "line": 39,
          "column": 107
        }
      },
      "10": {
        "start": {
          "line": 40,
          "column": 4
        },
        "end": {
          "line": 44,
          "column": 7
        }
      },
      "11": {
        "start": {
          "line": 41,
          "column": 6
        },
        "end": {
          "line": 41,
          "column": 31
        }
      },
      "12": {
        "start": {
          "line": 41,
          "column": 24
        },
        "end": {
          "line": 41,
          "column": 31
        }
      },
      "13": {
        "start": {
          "line": 42,
          "column": 32
        },
        "end": {
          "line": 42,
          "column": 156
        }
      },
      "14": {
        "start": {
          "line": 43,
          "column": 6
        },
        "end": {
          "line": 43,
          "column": 75
        }
      },
      "15": {
        "start": {
          "line": 43,
          "column": 29
        },
        "end": {
          "line": 43,
          "column": 75
        }
      },
      "16": {
        "start": {
          "line": 48,
          "column": 2
        },
        "end": {
          "line": 48,
          "column": 86
        }
      },
      "17": {
        "start": {
          "line": 51,
          "column": 2
        },
        "end": {
          "line": 51,
          "column": 62
        }
      }
    },
    "fnMap": {
      "0": {
        "name": "(anonymous_0)",
        "decl": {
          "start": {
            "line": 4,
            "column": 15
          },
          "end": {
            "line": 4,
            "column": 16
          }
        },
        "loc": {
          "start": {
            "line": 4,
            "column": 21
          },
          "end": {
            "line": 25,
            "column": 1
          }
        },
        "line": 4
      },
      "1": {
        "name": "(anonymous_1)",
        "decl": {
          "start": {
            "line": 38,
            "column": 52
          },
          "end": {
            "line": 38,
            "column": 53
          }
        },
        "loc": {
          "start": {
            "line": 38,
            "column": 72
          },
          "end": {
            "line": 45,
            "column": 3
          }
        },
        "line": 38
      },
      "2": {
        "name": "(anonymous_2)",
        "decl": {
          "start": {
            "line": 40,
            "column": 27
          },
          "end": {
            "line": 40,
            "column": 28
          }
        },
        "loc": {
          "start": {
            "line": 40,
            "column": 44
          },
          "end": {
            "line": 44,
            "column": 5
          }
        },
        "line": 40
      },
      "3": {
        "name": "$RefreshReg$",
        "decl": {
          "start": {
            "line": 47,
            "column": 9
          },
          "end": {
            "line": 47,
            "column": 21
          }
        },
        "loc": {
          "start": {
            "line": 47,
            "column": 32
          },
          "end": {
            "line": 49,
            "column": 1
          }
        },
        "line": 47
      },
      "4": {
        "name": "$RefreshSig$",
        "decl": {
          "start": {
            "line": 50,
            "column": 9
          },
          "end": {
            "line": 50,
            "column": 21
          }
        },
        "loc": {
          "start": {
            "line": 50,
            "column": 24
          },
          "end": {
            "line": 52,
            "column": 1
          }
        },
        "line": 50
      }
    },
    "branchMap": {
      "0": {
        "loc": {
          "start": {
            "line": 31,
            "column": 20
          },
          "end": {
            "line": 31,
            "column": 97
          }
        },
        "type": "binary-expr",
        "locations": [
          {
            "start": {
              "line": 31,
              "column": 20
            },
            "end": {
              "line": 31,
              "column": 60
            }
          },
          {
            "start": {
              "line": 31,
              "column": 64
            },
            "end": {
              "line": 31,
              "column": 97
            }
          }
        ],
        "line": 31
      },
      "1": {
        "loc": {
          "start": {
            "line": 32,
            "column": 0
          },
          "end": {
            "line": 46,
            "column": 1
          }
        },
        "type": "if",
        "locations": [
          {
            "start": {
              "line": 32,
              "column": 0
            },
            "end": {
              "line": 46,
              "column": 1
            }
          },
          {
            "start": {},
            "end": {}
          }
        ],
        "line": 32
      },
      "2": {
        "loc": {
          "start": {
            "line": 32,
            "column": 4
          },
          "end": {
            "line": 32,
            "column": 35
          }
        },
        "type": "binary-expr",
        "locations": [
          {
            "start": {
              "line": 32,
              "column": 4
            },
            "end": {
              "line": 32,
              "column": 19
            }
          },
          {
            "start": {
              "line": 32,
              "column": 23
            },
            "end": {
              "line": 32,
              "column": 35
            }
          }
        ],
        "line": 32
      },
      "3": {
        "loc": {
          "start": {
            "line": 33,
            "column": 2
          },
          "end": {
            "line": 37,
            "column": 3
          }
        },
        "type": "if",
        "locations": [
          {
            "start": {
              "line": 33,
              "column": 2
            },
            "end": {
              "line": 37,
              "column": 3
            }
          },
          {
            "start": {},
            "end": {}
          }
        ],
        "line": 33
      },
      "4": {
        "loc": {
          "start": {
            "line": 41,
            "column": 6
          },
          "end": {
            "line": 41,
            "column": 31
          }
        },
        "type": "if",
        "locations": [
          {
            "start": {
              "line": 41,
              "column": 6
            },
            "end": {
              "line": 41,
              "column": 31
            }
          },
          {
            "start": {},
            "end": {}
          }
        ],
        "line": 41
      },
      "5": {
        "loc": {
          "start": {
            "line": 43,
            "column": 6
          },
          "end": {
            "line": 43,
            "column": 75
          }
        },
        "type": "if",
        "locations": [
          {
            "start": {
              "line": 43,
              "column": 6
            },
            "end": {
              "line": 43,
              "column": 75
            }
          },
          {
            "start": {},
            "end": {}
          }
        ],
        "line": 43
      }
    },
    "s": {
      "0": 7,
      "1": 12,
      "2": 7,
      "3": 7,
      "4": 7,
      "5": 7,
      "6": 7,
      "7": 0,
      "8": 7,
      "9": 7,
      "10": 7,
      "11": 0,
      "12": 0,
      "13": 0,
      "14": 0,
      "15": 0,
      "16": 7,
      "17": 0
    },
    "f": {
      "0": 12,
      "1": 7,
      "2": 0,
      "3": 7,
      "4": 0
    },
    "b": {
      "0": [
        7,
        0
      ],
      "1": [
        7,
        0
      ],
      "2": [
        7,
        7
      ],
      "3": [
        0,
        7
      ],
      "4": [
        0,
        0
      ],
      "5": [
        0,
        0
      ]
    },
    "inputSourceMap": {
      "version": 3,
      "mappings": "AAKI,mBACE,cADF;AALJ,OAAOA,YAAY;AACnB,SAASC,cAAc;AAEvB,MAAMC,SAASA,MAAM;AACnB,SACE,mCACE;AAAA,2BAAC,YAAD;AAAA;AAAA;AAAA;AAAA,WAAO;AAAA,IACP,uBAAC,UACC,iCAAC,YAAD;AAAA;AAAA;AAAA;AAAA,WAAO,KADT;AAAA;AAAA;AAAA;AAAA,WAEA;AAAA,OAJF;AAAA;AAAA;AAAA;AAAA,SAKA;AAEJ;AAACC,KATKD;AAWN,eAAeA;AAAM,IAAAC;AAAA,aAAAA,IAAA",
      "names": [
        "Header",
        "Outlet",
        "Layout",
        "_c"
      ],
      "ignoreList": [],
      "sources": [
        "C:/dev/storycat/src/layout/Layout.jsx"
      ],
      "file": "C:/dev/storycat/src/layout/Layout.jsx"
    },
    "_coverageSchema": "1a1c01bbd47fc00a2c39e90264f33305004495a9",
    "hash": "42c60cf35c6f4978fd6edbc49ac35e815fa716f3"
  },
  "C:/dev/storycat/src/api/baseApi.js": {
    "path": "C:/dev/storycat/src/api/baseApi.js",
    "statementMap": {
      "0": {
        "start": {
          "line": 1,
          "column": 17
        },
        "end": {
          "line": 1,
          "column": 66
        }
      }
    },
    "fnMap": {},
    "branchMap": {},
    "s": {
      "0": 7
    },
    "f": {},
    "b": {},
    "inputSourceMap": {
      "version": 3,
      "sources": [
        "C:/dev/storycat/src/api/baseApi.js"
      ],
      "names": [],
      "mappings": "AAAA,KAAK,CAAC,QAAQ,CAAC,CAAC,CAAC,CAAC,KAAK,CAAC,CAAC,CAAC,wBAAwB,CAAC,OAAO,CAAC,EAAE,CAAC,GAAG,CAAC;AAClE;AACA,MAAM,CAAC,OAAO,CAAC,QAAQ;"
    },
    "_coverageSchema": "1a1c01bbd47fc00a2c39e90264f33305004495a9",
    "hash": "a50559c03947107cbdf955163be03fd595bcab51"
  },
  "C:/dev/storycat/src/api/novelsApi.js": {
    "path": "C:/dev/storycat/src/api/novelsApi.js",
    "statementMap": {
      "0": {
        "start": {
          "line": 3,
          "column": 25
        },
        "end": {
          "line": 11,
          "column": 1
        }
      },
      "1": {
        "start": {
          "line": 4,
          "column": 19
        },
        "end": {
          "line": 4,
          "column": 52
        }
      },
      "2": {
        "start": {
          "line": 6,
          "column": 2
        },
        "end": {
          "line": 8,
          "column": 3
        }
      },
      "3": {
        "start": {
          "line": 7,
          "column": 4
        },
        "end": {
          "line": 7,
          "column": 45
        }
      },
      "4": {
        "start": {
          "line": 10,
          "column": 2
        },
        "end": {
          "line": 10,
          "column": 30
        }
      },
      "5": {
        "start": {
          "line": 13,
          "column": 28
        },
        "end": {
          "line": 21,
          "column": 1
        }
      },
      "6": {
        "start": {
          "line": 14,
          "column": 19
        },
        "end": {
          "line": 14,
          "column": 58
        }
      },
      "7": {
        "start": {
          "line": 16,
          "column": 2
        },
        "end": {
          "line": 18,
          "column": 3
        }
      },
      "8": {
        "start": {
          "line": 17,
          "column": 4
        },
        "end": {
          "line": 17,
          "column": 38
        }
      },
      "9": {
        "start": {
          "line": 20,
          "column": 2
        },
        "end": {
          "line": 20,
          "column": 30
        }
      }
    },
    "fnMap": {
      "0": {
        "name": "(anonymous_0)",
        "decl": {
          "start": {
            "line": 3,
            "column": 25
          },
          "end": {
            "line": 3,
            "column": 26
          }
        },
        "loc": {
          "start": {
            "line": 3,
            "column": 37
          },
          "end": {
            "line": 11,
            "column": 1
          }
        },
        "line": 3
      },
      "1": {
        "name": "(anonymous_1)",
        "decl": {
          "start": {
            "line": 13,
            "column": 28
          },
          "end": {
            "line": 13,
            "column": 29
          }
        },
        "loc": {
          "start": {
            "line": 13,
            "column": 42
          },
          "end": {
            "line": 21,
            "column": 1
          }
        },
        "line": 13
      }
    },
    "branchMap": {
      "0": {
        "loc": {
          "start": {
            "line": 6,
            "column": 2
          },
          "end": {
            "line": 8,
            "column": 3
          }
        },
        "type": "if",
        "locations": [
          {
            "start": {
              "line": 6,
              "column": 2
            },
            "end": {
              "line": 8,
              "column": 3
            }
          },
          {
            "start": {},
            "end": {}
          }
        ],
        "line": 6
      },
      "1": {
        "loc": {
          "start": {
            "line": 16,
            "column": 2
          },
          "end": {
            "line": 18,
            "column": 3
          }
        },
        "type": "if",
        "locations": [
          {
            "start": {
              "line": 16,
              "column": 2
            },
            "end": {
              "line": 18,
              "column": 3
            }
          },
          {
            "start": {},
            "end": {}
          }
        ],
        "line": 16
      }
    },
    "s": {
      "0": 7,
      "1": 24,
      "2": 12,
      "3": 0,
      "4": 12,
      "5": 7,
      "6": 6,
      "7": 4,
      "8": 0,
      "9": 4
    },
    "f": {
      "0": 24,
      "1": 6
    },
    "b": {
      "0": [
        0,
        12
      ],
      "1": [
        0,
        4
      ]
    },
    "inputSourceMap": {
      "version": 3,
      "sources": [
        "C:/dev/storycat/src/api/novelsApi.js"
      ],
      "names": [],
      "mappings": "AAAA,MAAM,CAAC,QAAQ,CAAC,IAAI,CAAC,CAAC,CAAC,CAAC,OAAO,CAAC;AAChC;AACA,MAAM,CAAC,KAAK,CAAC,SAAS,CAAC,CAAC,CAAC,KAAK,CAAC,CAAC,CAAC,CAAC,CAAC,CAAC,CAAC,CAAC;AACtC,CAAC,CAAC,KAAK,CAAC,QAAQ,CAAC,CAAC,CAAC,KAAK,CAAC,KAAK,CAAC,CAAC,CAAC,CAAC,QAAQ,CAAC,CAAC,MAAM,CAAC,CAAC;AACpD;AACA,CAAC,CAAC,EAAE,CAAC,CAAC,CAAC,QAAQ,CAAC,EAAE,CAAC,CAAC,CAAC;AACrB,CAAC,CAAC,CAAC,CAAC,KAAK,CAAC,GAAG,CAAC,KAAK,CAAC,CAAC,MAAM,CAAC,EAAE,CAAC,KAAK,CAAC,MAAM,CAAC,CAAC;AAC7C,CAAC,CAAC,CAAC;AACH;AACA,CAAC,CAAC,MAAM,CAAC,KAAK,CAAC,QAAQ,CAAC,IAAI,CAAC,CAAC;AAC9B,CAAC;AACD;AACA,MAAM,CAAC,KAAK,CAAC,YAAY,CAAC,CAAC,CAAC,KAAK,CAAC,CAAC,EAAE,CAAC,CAAC,CAAC,CAAC,CAAC,CAAC;AAC3C,CAAC,CAAC,KAAK,CAAC,QAAQ,CAAC,CAAC,CAAC,KAAK,CAAC,KAAK,CAAC,CAAC,CAAC,CAAC,QAAQ,CAAC,CAAC,MAAM,CAAC,CAAC,CAAC,EAAE,CAAC,CAAC,CAAC;AAC1D;AACA,CAAC,CAAC,EAAE,CAAC,CAAC,CAAC,QAAQ,CAAC,EAAE,CAAC,CAAC,CAAC;AACrB,CAAC,CAAC,CAAC,CAAC,KAAK,CAAC,GAAG,CAAC,KAAK,CAAC,CAAC,KAAK,CAAC,GAAG,CAAC,KAAK,CAAC,CAAC;AACtC,CAAC,CAAC,CAAC;AACH;AACA,CAAC,CAAC,MAAM,CAAC,KAAK,CAAC,QAAQ,CAAC,IAAI,CAAC,CAAC;AAC9B,CAAC;"
    },
    "_coverageSchema": "1a1c01bbd47fc00a2c39e90264f33305004495a9",
    "hash": "963b78879f3f92fcfe118040df6925b09b258b2b"
  },
  "C:/dev/storycat/src/hooks/useNovels.js": {
    "path": "C:/dev/storycat/src/hooks/useNovels.js",
    "statementMap": {
      "0": {
        "start": {
          "line": 4,
          "column": 18
        },
        "end": {
          "line": 25,
          "column": 1
        }
      },
      "1": {
        "start": {
          "line": 5,
          "column": 30
        },
        "end": {
          "line": 5,
          "column": 42
        }
      },
      "2": {
        "start": {
          "line": 6,
          "column": 32
        },
        "end": {
          "line": 6,
          "column": 46
        }
      },
      "3": {
        "start": {
          "line": 7,
          "column": 28
        },
        "end": {
          "line": 7,
          "column": 42
        }
      },
      "4": {
        "start": {
          "line": 9,
          "column": 2
        },
        "end": {
          "line": 22,
          "column": 8
        }
      },
      "5": {
        "start": {
          "line": 10,
          "column": 17
        },
        "end": {
          "line": 19,
          "column": 5
        }
      },
      "6": {
        "start": {
          "line": 11,
          "column": 6
        },
        "end": {
          "line": 18,
          "column": 7
        }
      },
      "7": {
        "start": {
          "line": 12,
          "column": 21
        },
        "end": {
          "line": 12,
          "column": 38
        }
      },
      "8": {
        "start": {
          "line": 13,
          "column": 8
        },
        "end": {
          "line": 13,
          "column": 23
        }
      },
      "9": {
        "start": {
          "line": 15,
          "column": 8
        },
        "end": {
          "line": 15,
          "column": 21
        }
      },
      "10": {
        "start": {
          "line": 17,
          "column": 8
        },
        "end": {
          "line": 17,
          "column": 25
        }
      },
      "11": {
        "start": {
          "line": 21,
          "column": 4
        },
        "end": {
          "line": 21,
          "column": 10
        }
      },
      "12": {
        "start": {
          "line": 24,
          "column": 2
        },
        "end": {
          "line": 24,
          "column": 35
        }
      }
    },
    "fnMap": {
      "0": {
        "name": "(anonymous_0)",
        "decl": {
          "start": {
            "line": 4,
            "column": 18
          },
          "end": {
            "line": 4,
            "column": 19
          }
        },
        "loc": {
          "start": {
            "line": 4,
            "column": 24
          },
          "end": {
            "line": 25,
            "column": 1
          }
        },
        "line": 4
      },
      "1": {
        "name": "(anonymous_1)",
        "decl": {
          "start": {
            "line": 9,
            "column": 12
          },
          "end": {
            "line": 9,
            "column": 13
          }
        },
        "loc": {
          "start": {
            "line": 9,
            "column": 18
          },
          "end": {
            "line": 22,
            "column": 3
          }
        },
        "line": 9
      },
      "2": {
        "name": "(anonymous_2)",
        "decl": {
          "start": {
            "line": 10,
            "column": 17
          },
          "end": {
            "line": 10,
            "column": 18
          }
        },
        "loc": {
          "start": {
            "line": 10,
            "column": 29
          },
          "end": {
            "line": 19,
            "column": 5
          }
        },
        "line": 10
      }
    },
    "branchMap": {},
    "s": {
      "0": 7,
      "1": 30,
      "2": 30,
      "3": 30,
      "4": 30,
      "5": 24,
      "6": 24,
      "7": 24,
      "8": 12,
      "9": 2,
      "10": 14,
      "11": 24,
      "12": 30
    },
    "f": {
      "0": 30,
      "1": 24,
      "2": 24
    },
    "b": {},
    "inputSourceMap": {
      "version": 3,
      "sources": [
        "C:/dev/storycat/src/hooks/useNovels.js"
      ],
      "names": [],
      "mappings": "AAAA,MAAM,CAAC,CAAC,CAAC,SAAS,CAAC,CAAC,QAAQ,CAAC,CAAC,CAAC,IAAI,CAAC,CAAC,KAAK,CAAC;AAC3C,MAAM,CAAC,CAAC,CAAC,SAAS,CAAC,CAAC,CAAC,IAAI,CAAC,CAAC,CAAC,CAAC,CAAC,GAAG,CAAC,SAAS,CAAC;AAC5C;AACA,KAAK,CAAC,SAAS,CAAC,CAAC,CAAC,CAAC,CAAC,CAAC,CAAC,CAAC,CAAC,CAAC;AACzB,CAAC,CAAC,KAAK,CAAC,CAAC,MAAM,CAAC,CAAC,SAAS,CAAC,CAAC,CAAC,CAAC,QAAQ,CAAC,CAAC,CAAC,CAAC;AAC1C,CAAC,CAAC,KAAK,CAAC,CAAC,OAAO,CAAC,CAAC,UAAU,CAAC,CAAC,CAAC,CAAC,QAAQ,CAAC,IAAI,CAAC;AAC9C,CAAC,CAAC,KAAK,CAAC,CAAC,KAAK,CAAC,CAAC,QAAQ,CAAC,CAAC,CAAC,CAAC,QAAQ,CAAC,IAAI,CAAC;AAC1C;AACA,CAAC,CAAC,SAAS,CAAC,CAAC,CAAC,CAAC,CAAC,CAAC,CAAC,CAAC;AACnB,CAAC,CAAC,CAAC,CAAC,KAAK,CAAC,IAAI,CAAC,CAAC,CAAC,KAAK,CAAC,CAAC,CAAC,CAAC,CAAC,CAAC,CAAC,CAAC;AAC9B,CAAC,CAAC,CAAC,CAAC,CAAC,CAAC,GAAG,CAAC,CAAC;AACX,CAAC,CAAC,CAAC,CAAC,CAAC,CAAC,CAAC,CAAC,KAAK,CAAC,IAAI,CAAC,CAAC,CAAC,KAAK,CAAC,SAAS,CAAC,CAAC;AACtC,CAAC,CAAC,CAAC,CAAC,CAAC,CAAC,CAAC,CAAC,SAAS,CAAC,IAAI,CAAC;AACvB,CAAC,CAAC,CAAC,CAAC,CAAC,CAAC,CAAC,CAAC,KAAK,CAAC,CAAC,GAAG,CAAC,CAAC,CAAC;AACrB,CAAC,CAAC,CAAC,CAAC,CAAC,CAAC,CAAC,CAAC,QAAQ,CAAC,GAAG,CAAC;AACrB,CAAC,CAAC,CAAC,CAAC,CAAC,CAAC,CAAC,CAAC,OAAO,CAAC,CAAC;AACjB,CAAC,CAAC,CAAC,CAAC,CAAC,CAAC,CAAC,CAAC,UAAU,CAAC,KAAK,CAAC;AACzB,CAAC,CAAC,CAAC,CAAC,CAAC,CAAC,CAAC;AACP,CAAC,CAAC,CAAC,CAAC,CAAC;AACL;AACA,CAAC,CAAC,CAAC,CAAC,IAAI,CAAC,CAAC;AACV,CAAC,CAAC,CAAC,CAAC,CAAC,CAAC,CAAC,CAAC;AACR;AACA,CAAC,CAAC,MAAM,CAAC,CAAC,CAAC,MAAM,CAAC,CAAC,OAAO,CAAC,CAAC,KAAK,CAAC,CAAC;AACnC,CAAC;AACD;AACA,MAAM,CAAC,OAAO,CAAC,SAAS;"
    },
    "_coverageSchema": "1a1c01bbd47fc00a2c39e90264f33305004495a9",
    "hash": "5903e91e5f70cf018a0905f1ec44278aef1931ef"
  },
  "C:/dev/storycat/src/components/mainPage/NovelRow.jsx": {
    "path": "C:/dev/storycat/src/components/mainPage/NovelRow.jsx",
    "statementMap": {
      "0": {
        "start": {
          "line": 4,
          "column": 17
        },
        "end": {
          "line": 32,
          "column": 1
        }
      },
      "1": {
        "start": {
          "line": 5,
          "column": 24
        },
        "end": {
          "line": 5,
          "column": 42
        }
      },
      "2": {
        "start": {
          "line": 6,
          "column": 2
        },
        "end": {
          "line": 31,
          "column": 11
        }
      },
      "3": {
        "start": {
          "line": 7,
          "column": 31
        },
        "end": {
          "line": 22,
          "column": 12
        }
      },
      "4": {
        "start": {
          "line": 33,
          "column": 0
        },
        "end": {
          "line": 33,
          "column": 14
        }
      },
      "5": {
        "start": {
          "line": 36,
          "column": 0
        },
        "end": {
          "line": 36,
          "column": 29
        }
      },
      "6": {
        "start": {
          "line": 38,
          "column": 20
        },
        "end": {
          "line": 38,
          "column": 97
        }
      },
      "7": {
        "start": {
          "line": 39,
          "column": 0
        },
        "end": {
          "line": 53,
          "column": 1
        }
      },
      "8": {
        "start": {
          "line": 40,
          "column": 2
        },
        "end": {
          "line": 44,
          "column": 3
        }
      },
      "9": {
        "start": {
          "line": 41,
          "column": 4
        },
        "end": {
          "line": 43,
          "column": 6
        }
      },
      "10": {
        "start": {
          "line": 45,
          "column": 2
        },
        "end": {
          "line": 52,
          "column": 5
        }
      },
      "11": {
        "start": {
          "line": 46,
          "column": 4
        },
        "end": {
          "line": 46,
          "column": 122
        }
      },
      "12": {
        "start": {
          "line": 47,
          "column": 4
        },
        "end": {
          "line": 51,
          "column": 7
        }
      },
      "13": {
        "start": {
          "line": 48,
          "column": 6
        },
        "end": {
          "line": 48,
          "column": 31
        }
      },
      "14": {
        "start": {
          "line": 48,
          "column": 24
        },
        "end": {
          "line": 48,
          "column": 31
        }
      },
      "15": {
        "start": {
          "line": 49,
          "column": 32
        },
        "end": {
          "line": 49,
          "column": 171
        }
      },
      "16": {
        "start": {
          "line": 50,
          "column": 6
        },
        "end": {
          "line": 50,
          "column": 75
        }
      },
      "17": {
        "start": {
          "line": 50,
          "column": 29
        },
        "end": {
          "line": 50,
          "column": 75
        }
      },
      "18": {
        "start": {
          "line": 55,
          "column": 2
        },
        "end": {
          "line": 55,
          "column": 101
        }
      },
      "19": {
        "start": {
          "line": 58,
          "column": 2
        },
        "end": {
          "line": 58,
          "column": 62
        }
      }
    },
    "fnMap": {
      "0": {
        "name": "(anonymous_0)",
        "decl": {
          "start": {
            "line": 4,
            "column": 17
          },
          "end": {
            "line": 4,
            "column": 18
          }
        },
        "loc": {
          "start": {
            "line": 4,
            "column": 33
          },
          "end": {
            "line": 32,
            "column": 1
          }
        },
        "line": 4
      },
      "1": {
        "name": "(anonymous_1)",
        "decl": {
          "start": {
            "line": 7,
            "column": 4
          },
          "end": {
            "line": 7,
            "column": 5
          }
        },
        "loc": {
          "start": {
            "line": 7,
            "column": 31
          },
          "end": {
            "line": 22,
            "column": 12
          }
        },
        "line": 7
      },
      "2": {
        "name": "(anonymous_2)",
        "decl": {
          "start": {
            "line": 45,
            "column": 52
          },
          "end": {
            "line": 45,
            "column": 53
          }
        },
        "loc": {
          "start": {
            "line": 45,
            "column": 72
          },
          "end": {
            "line": 52,
            "column": 3
          }
        },
        "line": 45
      },
      "3": {
        "name": "(anonymous_3)",
        "decl": {
          "start": {
            "line": 47,
            "column": 27
          },
          "end": {
            "line": 47,
            "column": 28
          }
        },
        "loc": {
          "start": {
            "line": 47,
            "column": 44
          },
          "end": {
            "line": 51,
            "column": 5
          }
        },
        "line": 47
      },
      "4": {
        "name": "$RefreshReg$",
        "decl": {
          "start": {
            "line": 54,
            "column": 9
          },
          "end": {
            "line": 54,
            "column": 21
          }
        },
        "loc": {
          "start": {
            "line": 54,
            "column": 32
          },
          "end": {
            "line": 56,
            "column": 1
          }
        },
        "line": 54
      },
      "5": {
        "name": "$RefreshSig$",
        "decl": {
          "start": {
            "line": 57,
            "column": 9
          },
          "end": {
            "line": 57,
            "column": 21
          }
        },
        "loc": {
          "start": {
            "line": 57,
            "column": 24
          },
          "end": {
            "line": 59,
            "column": 1
          }
        },
        "line": 57
      }
    },
    "branchMap": {
      "0": {
        "loc": {
          "start": {
            "line": 38,
            "column": 20
          },
          "end": {
            "line": 38,
            "column": 97
          }
        },
        "type": "binary-expr",
        "locations": [
          {
            "start": {
              "line": 38,
              "column": 20
            },
            "end": {
              "line": 38,
              "column": 60
            }
          },
          {
            "start": {
              "line": 38,
              "column": 64
            },
            "end": {
              "line": 38,
              "column": 97
            }
          }
        ],
        "line": 38
      },
      "1": {
        "loc": {
          "start": {
            "line": 39,
            "column": 0
          },
          "end": {
            "line": 53,
            "column": 1
          }
        },
        "type": "if",
        "locations": [
          {
            "start": {
              "line": 39,
              "column": 0
            },
            "end": {
              "line": 53,
              "column": 1
            }
          },
          {
            "start": {},
            "end": {}
          }
        ],
        "line": 39
      },
      "2": {
        "loc": {
          "start": {
            "line": 39,
            "column": 4
          },
          "end": {
            "line": 39,
            "column": 35
          }
        },
        "type": "binary-expr",
        "locations": [
          {
            "start": {
              "line": 39,
              "column": 4
            },
            "end": {
              "line": 39,
              "column": 19
            }
          },
          {
            "start": {
              "line": 39,
              "column": 23
            },
            "end": {
              "line": 39,
              "column": 35
            }
          }
        ],
        "line": 39
      },
      "3": {
        "loc": {
          "start": {
            "line": 40,
            "column": 2
          },
          "end": {
            "line": 44,
            "column": 3
          }
        },
        "type": "if",
        "locations": [
          {
            "start": {
              "line": 40,
              "column": 2
            },
            "end": {
              "line": 44,
              "column": 3
            }
          },
          {
            "start": {},
            "end": {}
          }
        ],
        "line": 40
      },
      "4": {
        "loc": {
          "start": {
            "line": 48,
            "column": 6
          },
          "end": {
            "line": 48,
            "column": 31
          }
        },
        "type": "if",
        "locations": [
          {
            "start": {
              "line": 48,
              "column": 6
            },
            "end": {
              "line": 48,
              "column": 31
            }
          },
          {
            "start": {},
            "end": {}
          }
        ],
        "line": 48
      },
      "5": {
        "loc": {
          "start": {
            "line": 50,
            "column": 6
          },
          "end": {
            "line": 50,
            "column": 75
          }
        },
        "type": "if",
        "locations": [
          {
            "start": {
              "line": 50,
              "column": 6
            },
            "end": {
              "line": 50,
              "column": 75
            }
          },
          {
            "start": {},
            "end": {}
          }
        ],
        "line": 50
      }
    },
    "s": {
      "0": 7,
      "1": 0,
      "2": 0,
      "3": 0,
      "4": 7,
      "5": 7,
      "6": 7,
      "7": 7,
      "8": 7,
      "9": 0,
      "10": 7,
      "11": 7,
      "12": 7,
      "13": 0,
      "14": 0,
      "15": 0,
      "16": 0,
      "17": 0,
      "18": 7,
      "19": 0
    },
    "f": {
      "0": 0,
      "1": 0,
      "2": 7,
      "3": 0,
      "4": 7,
      "5": 0
    },
    "b": {
      "0": [
        7,
        0
      ],
      "1": [
        7,
        0
      ],
      "2": [
        7,
        7
      ],
      "3": [
        0,
        7
      ],
      "4": [
        0,
        0
      ],
      "5": [
        0,
        0
      ]
    },
    "inputSourceMap": {
      "version": 3,
      "mappings": "AAWY;AAXZ,SAASA,YAAY;AACrB,OAAO;AAEP,MAAMC,WAAWA,CAAC,EAAEC,OAAO,MAAM;AAC/B,QAAMC,gBAAgBD,OAAOE,MAAM,GAAG,CAAC;AAEvC,SACE,uBAAC,SAAI,WAAU,eACb,iCAAC,SAAI,WAAU,iBACZD,wBAAcE;AAAAA,IAAI,CAACC,UAClB,uBAAC,QAAK,IAAI,UAAUA,MAAMC,EAAE,IAAI,WAAU,cACxC;AAAA,6BAAC,SAAI,KAAKD,MAAME,OAAO,KAAKF,MAAMG,QAAlC;AAAA;AAAA;AAAA;AAAA,aAAuC;AAAA,MACvC,uBAAC,OAAGH,gBAAMG,QAAV;AAAA;AAAA;AAAA;AAAA,aAAe;AAAA,SAF2CH,MAAMC,IAAlE;AAAA;AAAA;AAAA;AAAA,WAGA;AAAA,EACD,KANH;AAAA;AAAA;AAAA;AAAA,SAOA,KARF;AAAA;AAAA;AAAA;AAAA,SASA;AAEJ;AAACG,KAfKT;AAiBN,eAAeA;AAAQ,IAAAS;AAAA,aAAAA,IAAA",
      "names": [
        "Link",
        "NovelRow",
        "novels",
        "visibleNovels",
        "slice",
        "map",
        "novel",
        "id",
        "image",
        "name",
        "_c"
      ],
      "ignoreList": [],
      "sources": [
        "C:/dev/storycat/src/components/mainPage/NovelRow.jsx"
      ],
      "file": "C:/dev/storycat/src/components/mainPage/NovelRow.jsx"
    },
    "_coverageSchema": "1a1c01bbd47fc00a2c39e90264f33305004495a9",
    "hash": "86c02542f08c62a599780f31c269dc231a63e380"
  },
  "C:/dev/storycat/src/components/mainPage/CurrentlyReading.jsx": {
    "path": "C:/dev/storycat/src/components/mainPage/CurrentlyReading.jsx",
    "statementMap": {
      "0": {
        "start": {
          "line": 4,
          "column": 24
        },
        "end": {
          "line": 7,
          "column": 1
        }
      },
      "1": {
        "start": {
          "line": 5,
          "column": 19
        },
        "end": {
          "line": 5,
          "column": 62
        }
      },
      "2": {
        "start": {
          "line": 5,
          "column": 42
        },
        "end": {
          "line": 5,
          "column": 61
        }
      },
      "3": {
        "start": {
          "line": 6,
          "column": 2
        },
        "end": {
          "line": 6,
          "column": 34
        }
      },
      "4": {
        "start": {
          "line": 8,
          "column": 25
        },
        "end": {
          "line": 44,
          "column": 1
        }
      },
      "5": {
        "start": {
          "line": 9,
          "column": 16
        },
        "end": {
          "line": 9,
          "column": 42
        }
      },
      "6": {
        "start": {
          "line": 10,
          "column": 17
        },
        "end": {
          "line": 10,
          "column": 43
        }
      },
      "7": {
        "start": {
          "line": 11,
          "column": 16
        },
        "end": {
          "line": 11,
          "column": 42
        }
      },
      "8": {
        "start": {
          "line": 12,
          "column": 2
        },
        "end": {
          "line": 43,
          "column": 11
        }
      },
      "9": {
        "start": {
          "line": 45,
          "column": 0
        },
        "end": {
          "line": 45,
          "column": 22
        }
      },
      "10": {
        "start": {
          "line": 46,
          "column": 15
        },
        "end": {
          "line": 85,
          "column": 8
        }
      },
      "11": {
        "start": {
          "line": 46,
          "column": 53
        },
        "end": {
          "line": 85,
          "column": 8
        }
      },
      "12": {
        "start": {
          "line": 53,
          "column": 31
        },
        "end": {
          "line": 79,
          "column": 12
        }
      },
      "13": {
        "start": {
          "line": 86,
          "column": 0
        },
        "end": {
          "line": 86,
          "column": 13
        }
      },
      "14": {
        "start": {
          "line": 89,
          "column": 0
        },
        "end": {
          "line": 89,
          "column": 37
        }
      },
      "15": {
        "start": {
          "line": 90,
          "column": 0
        },
        "end": {
          "line": 90,
          "column": 28
        }
      },
      "16": {
        "start": {
          "line": 92,
          "column": 20
        },
        "end": {
          "line": 92,
          "column": 97
        }
      },
      "17": {
        "start": {
          "line": 93,
          "column": 0
        },
        "end": {
          "line": 107,
          "column": 1
        }
      },
      "18": {
        "start": {
          "line": 94,
          "column": 2
        },
        "end": {
          "line": 98,
          "column": 3
        }
      },
      "19": {
        "start": {
          "line": 95,
          "column": 4
        },
        "end": {
          "line": 97,
          "column": 6
        }
      },
      "20": {
        "start": {
          "line": 99,
          "column": 2
        },
        "end": {
          "line": 106,
          "column": 5
        }
      },
      "21": {
        "start": {
          "line": 100,
          "column": 4
        },
        "end": {
          "line": 100,
          "column": 130
        }
      },
      "22": {
        "start": {
          "line": 101,
          "column": 4
        },
        "end": {
          "line": 105,
          "column": 7
        }
      },
      "23": {
        "start": {
          "line": 102,
          "column": 6
        },
        "end": {
          "line": 102,
          "column": 31
        }
      },
      "24": {
        "start": {
          "line": 102,
          "column": 24
        },
        "end": {
          "line": 102,
          "column": 31
        }
      },
      "25": {
        "start": {
          "line": 103,
          "column": 32
        },
        "end": {
          "line": 103,
          "column": 179
        }
      },
      "26": {
        "start": {
          "line": 104,
          "column": 6
        },
        "end": {
          "line": 104,
          "column": 75
        }
      },
      "27": {
        "start": {
          "line": 104,
          "column": 29
        },
        "end": {
          "line": 104,
          "column": 75
        }
      },
      "28": {
        "start": {
          "line": 109,
          "column": 2
        },
        "end": {
          "line": 109,
          "column": 109
        }
      },
      "29": {
        "start": {
          "line": 112,
          "column": 2
        },
        "end": {
          "line": 112,
          "column": 62
        }
      }
    },
    "fnMap": {
      "0": {
        "name": "(anonymous_0)",
        "decl": {
          "start": {
            "line": 4,
            "column": 24
          },
          "end": {
            "line": 4,
            "column": 25
          }
        },
        "loc": {
          "start": {
            "line": 4,
            "column": 43
          },
          "end": {
            "line": 7,
            "column": 1
          }
        },
        "line": 4
      },
      "1": {
        "name": "(anonymous_1)",
        "decl": {
          "start": {
            "line": 5,
            "column": 36
          },
          "end": {
            "line": 5,
            "column": 37
          }
        },
        "loc": {
          "start": {
            "line": 5,
            "column": 42
          },
          "end": {
            "line": 5,
            "column": 61
          }
        },
        "line": 5
      },
      "2": {
        "name": "(anonymous_2)",
        "decl": {
          "start": {
            "line": 8,
            "column": 25
          },
          "end": {
            "line": 8,
            "column": 26
          }
        },
        "loc": {
          "start": {
            "line": 8,
            "column": 41
          },
          "end": {
            "line": 44,
            "column": 1
          }
        },
        "line": 8
      },
      "3": {
        "name": "(anonymous_3)",
        "decl": {
          "start": {
            "line": 46,
            "column": 15
          },
          "end": {
            "line": 46,
            "column": 16
          }
        },
        "loc": {
          "start": {
            "line": 46,
            "column": 53
          },
          "end": {
            "line": 85,
            "column": 8
          }
        },
        "line": 46
      },
      "4": {
        "name": "(anonymous_4)",
        "decl": {
          "start": {
            "line": 53,
            "column": 4
          },
          "end": {
            "line": 53,
            "column": 5
          }
        },
        "loc": {
          "start": {
            "line": 53,
            "column": 31
          },
          "end": {
            "line": 79,
            "column": 12
          }
        },
        "line": 53
      },
      "5": {
        "name": "(anonymous_5)",
        "decl": {
          "start": {
            "line": 99,
            "column": 52
          },
          "end": {
            "line": 99,
            "column": 53
          }
        },
        "loc": {
          "start": {
            "line": 99,
            "column": 72
          },
          "end": {
            "line": 106,
            "column": 3
          }
        },
        "line": 99
      },
      "6": {
        "name": "(anonymous_6)",
        "decl": {
          "start": {
            "line": 101,
            "column": 27
          },
          "end": {
            "line": 101,
            "column": 28
          }
        },
        "loc": {
          "start": {
            "line": 101,
            "column": 44
          },
          "end": {
            "line": 105,
            "column": 5
          }
        },
        "line": 101
      },
      "7": {
        "name": "$RefreshReg$",
        "decl": {
          "start": {
            "line": 108,
            "column": 9
          },
          "end": {
            "line": 108,
            "column": 21
          }
        },
        "loc": {
          "start": {
            "line": 108,
            "column": 32
          },
          "end": {
            "line": 110,
            "column": 1
          }
        },
        "line": 108
      },
      "8": {
        "name": "$RefreshSig$",
        "decl": {
          "start": {
            "line": 111,
            "column": 9
          },
          "end": {
            "line": 111,
            "column": 21
          }
        },
        "loc": {
          "start": {
            "line": 111,
            "column": 24
          },
          "end": {
            "line": 113,
            "column": 1
          }
        },
        "line": 111
      }
    },
    "branchMap": {
      "0": {
        "loc": {
          "start": {
            "line": 92,
            "column": 20
          },
          "end": {
            "line": 92,
            "column": 97
          }
        },
        "type": "binary-expr",
        "locations": [
          {
            "start": {
              "line": 92,
              "column": 20
            },
            "end": {
              "line": 92,
              "column": 60
            }
          },
          {
            "start": {
              "line": 92,
              "column": 64
            },
            "end": {
              "line": 92,
              "column": 97
            }
          }
        ],
        "line": 92
      },
      "1": {
        "loc": {
          "start": {
            "line": 93,
            "column": 0
          },
          "end": {
            "line": 107,
            "column": 1
          }
        },
        "type": "if",
        "locations": [
          {
            "start": {
              "line": 93,
              "column": 0
            },
            "end": {
              "line": 107,
              "column": 1
            }
          },
          {
            "start": {},
            "end": {}
          }
        ],
        "line": 93
      },
      "2": {
        "loc": {
          "start": {
            "line": 93,
            "column": 4
          },
          "end": {
            "line": 93,
            "column": 35
          }
        },
        "type": "binary-expr",
        "locations": [
          {
            "start": {
              "line": 93,
              "column": 4
            },
            "end": {
              "line": 93,
              "column": 19
            }
          },
          {
            "start": {
              "line": 93,
              "column": 23
            },
            "end": {
              "line": 93,
              "column": 35
            }
          }
        ],
        "line": 93
      },
      "3": {
        "loc": {
          "start": {
            "line": 94,
            "column": 2
          },
          "end": {
            "line": 98,
            "column": 3
          }
        },
        "type": "if",
        "locations": [
          {
            "start": {
              "line": 94,
              "column": 2
            },
            "end": {
              "line": 98,
              "column": 3
            }
          },
          {
            "start": {},
            "end": {}
          }
        ],
        "line": 94
      },
      "4": {
        "loc": {
          "start": {
            "line": 102,
            "column": 6
          },
          "end": {
            "line": 102,
            "column": 31
          }
        },
        "type": "if",
        "locations": [
          {
            "start": {
              "line": 102,
              "column": 6
            },
            "end": {
              "line": 102,
              "column": 31
            }
          },
          {
            "start": {},
            "end": {}
          }
        ],
        "line": 102
      },
      "5": {
        "loc": {
          "start": {
            "line": 104,
            "column": 6
          },
          "end": {
            "line": 104,
            "column": 75
          }
        },
        "type": "if",
        "locations": [
          {
            "start": {
              "line": 104,
              "column": 6
            },
            "end": {
              "line": 104,
              "column": 75
            }
          },
          {
            "start": {},
            "end": {}
          }
        ],
        "line": 104
      }
    },
    "s": {
      "0": 7,
      "1": 0,
      "2": 0,
      "3": 0,
      "4": 7,
      "5": 0,
      "6": 0,
      "7": 0,
      "8": 0,
      "9": 7,
      "10": 7,
      "11": 0,
      "12": 0,
      "13": 7,
      "14": 7,
      "15": 7,
      "16": 7,
      "17": 7,
      "18": 7,
      "19": 0,
      "20": 7,
      "21": 7,
      "22": 7,
      "23": 0,
      "24": 0,
      "25": 0,
      "26": 0,
      "27": 0,
      "28": 14,
      "29": 0
    },
    "f": {
      "0": 0,
      "1": 0,
      "2": 0,
      "3": 0,
      "4": 0,
      "5": 7,
      "6": 0,
      "7": 14,
      "8": 0
    },
    "b": {
      "0": [
        7,
        0
      ],
      "1": [
        7,
        0
      ],
      "2": [
        7,
        7
      ],
      "3": [
        0,
        7
      ],
      "4": [
        0,
        0
      ],
      "5": [
        0,
        0
      ]
    },
    "inputSourceMap": {
      "version": 3,
      "mappings": "AAeM;AAfN,SAASA,YAAY;AACrB,OAAO;AAEP,MAAMC,kBAAkBA,CAACC,QAAQC,UAAU;AACzC,QAAMC,WAAW,CAAC,GAAGF,MAAM,EAAEG,KAAK,MAAM,MAAMC,KAAKC,OAAO,CAAC;AAC3D,SAAOH,SAASI,MAAM,GAAGL,KAAK;AAChC;AAEA,MAAMM,mBAAmBA,CAAC,EAAEP,OAAO,MAAM;AACvC,QAAMQ,QAAQT,gBAAgBC,QAAQ,CAAC;AACvC,QAAMS,SAASV,gBAAgBC,QAAQ,CAAC;AACxC,QAAMU,QAAQX,gBAAgBC,QAAQ,CAAC;AAEvC,SACE,uBAAC,SAAI,WAAU,mBACb;AAAA,2BAAC,QAAG,6BAAJ;AAAA;AAAA;AAAA;AAAA,WAAiB;AAAA,IAEjB,uBAAC,SAAI,WAAU,qBACb;AAAA,6BAAC,UAAO,OAAM,WAAU,OAAOQ,SAA/B;AAAA;AAAA;AAAA;AAAA,aAAqC;AAAA,MACrC,uBAAC,UAAO,OAAM,aAAY,OAAOC,UAAjC;AAAA;AAAA;AAAA;AAAA,aAAwC;AAAA,MACxC,uBAAC,UAAO,OAAM,wBAAuB,OAAOC,SAA5C;AAAA;AAAA;AAAA;AAAA,aAAkD;AAAA,SAHpD;AAAA;AAAA;AAAA;AAAA,WAIA;AAAA,OAPF;AAAA;AAAA;AAAA;AAAA,SAQA;AAEJ;AAACC,KAhBKJ;AAkBN,MAAMK,SAASA,CAAC,EAAEC,OAAOC,MAAM,MAC7B,uBAAC,SAAI,WAAU,kBACb;AAAA,yBAAC,QAAID,mBAAL;AAAA;AAAA;AAAA;AAAA,SAAW;AAAA,EAEVC,MAAMC;AAAAA,IAAI,CAACC,UACV,uBAAC,QAAK,IAAI,UAAUA,MAAMC,EAAE,IAAI,WAAU,gBACxC;AAAA,6BAAC,SAAI,KAAKD,MAAME,OAAO,KAAKF,MAAMG,QAAlC;AAAA;AAAA;AAAA;AAAA,aAAuC;AAAA,MACvC,uBAAC,SACC;AAAA,+BAAC,OAAE,WAAU,SAASH,gBAAMG,QAA5B;AAAA;AAAA;AAAA;AAAA,eAAiC;AAAA,QACjC,uBAAC,OAAE,WAAU,WAAWH,gBAAMI,WAA9B;AAAA;AAAA;AAAA;AAAA,eAAsC;AAAA,WAFxC;AAAA;AAAA;AAAA;AAAA,aAGA;AAAA,SAL4DJ,MAAMC,IAApE;AAAA;AAAA;AAAA;AAAA,WAMA;AAAA,EACD;AAAA,KAXH;AAAA;AAAA;AAAA;AAAA,OAYA;AACDI,MAdKT;AAgBN,eAAeL;AAAgB,IAAAI,IAAAU;AAAA,aAAAV,IAAA;AAAA,aAAAU,KAAA",
      "names": [
        "Link",
        "getRandomNovels",
        "novels",
        "count",
        "shuffled",
        "sort",
        "Math",
        "random",
        "slice",
        "CurrentlyReading",
        "first",
        "second",
        "third",
        "_c",
        "Column",
        "title",
        "items",
        "map",
        "novel",
        "id",
        "image",
        "name",
        "country",
        "_c2"
      ],
      "ignoreList": [],
      "sources": [
        "C:/dev/storycat/src/components/mainPage/CurrentlyReading.jsx"
      ],
      "file": "C:/dev/storycat/src/components/mainPage/CurrentlyReading.jsx"
    },
    "_coverageSchema": "1a1c01bbd47fc00a2c39e90264f33305004495a9",
    "hash": "80c8903939683b4000cd1849f97f8d14e0134690"
  },
  "C:/dev/storycat/src/pages/MainPage.jsx": {
    "path": "C:/dev/storycat/src/pages/MainPage.jsx",
    "statementMap": {
      "0": {
        "start": {
          "line": 2,
          "column": 9
        },
        "end": {
          "line": 2,
          "column": 23
        }
      },
      "1": {
        "start": {
          "line": 6,
          "column": 17
        },
        "end": {
          "line": 31,
          "column": 1
        }
      },
      "2": {
        "start": {
          "line": 7,
          "column": 2
        },
        "end": {
          "line": 7,
          "column": 7
        }
      },
      "3": {
        "start": {
          "line": 8,
          "column": 15
        },
        "end": {
          "line": 8,
          "column": 44
        }
      },
      "4": {
        "start": {
          "line": 9,
          "column": 30
        },
        "end": {
          "line": 9,
          "column": 34
        }
      },
      "5": {
        "start": {
          "line": 10,
          "column": 2
        },
        "end": {
          "line": 14,
          "column": 11
        }
      },
      "6": {
        "start": {
          "line": 10,
          "column": 15
        },
        "end": {
          "line": 14,
          "column": 11
        }
      },
      "7": {
        "start": {
          "line": 15,
          "column": 2
        },
        "end": {
          "line": 30,
          "column": 11
        }
      },
      "8": {
        "start": {
          "line": 32,
          "column": 0
        },
        "end": {
          "line": 34,
          "column": 3
        }
      },
      "9": {
        "start": {
          "line": 33,
          "column": 2
        },
        "end": {
          "line": 33,
          "column": 21
        }
      },
      "10": {
        "start": {
          "line": 35,
          "column": 0
        },
        "end": {
          "line": 35,
          "column": 14
        }
      },
      "11": {
        "start": {
          "line": 38,
          "column": 0
        },
        "end": {
          "line": 38,
          "column": 29
        }
      },
      "12": {
        "start": {
          "line": 40,
          "column": 20
        },
        "end": {
          "line": 40,
          "column": 97
        }
      },
      "13": {
        "start": {
          "line": 41,
          "column": 0
        },
        "end": {
          "line": 55,
          "column": 1
        }
      },
      "14": {
        "start": {
          "line": 42,
          "column": 2
        },
        "end": {
          "line": 46,
          "column": 3
        }
      },
      "15": {
        "start": {
          "line": 43,
          "column": 4
        },
        "end": {
          "line": 45,
          "column": 6
        }
      },
      "16": {
        "start": {
          "line": 47,
          "column": 2
        },
        "end": {
          "line": 54,
          "column": 5
        }
      },
      "17": {
        "start": {
          "line": 48,
          "column": 4
        },
        "end": {
          "line": 48,
          "column": 108
        }
      },
      "18": {
        "start": {
          "line": 49,
          "column": 4
        },
        "end": {
          "line": 53,
          "column": 7
        }
      },
      "19": {
        "start": {
          "line": 50,
          "column": 6
        },
        "end": {
          "line": 50,
          "column": 31
        }
      },
      "20": {
        "start": {
          "line": 50,
          "column": 24
        },
        "end": {
          "line": 50,
          "column": 31
        }
      },
      "21": {
        "start": {
          "line": 51,
          "column": 32
        },
        "end": {
          "line": 51,
          "column": 157
        }
      },
      "22": {
        "start": {
          "line": 52,
          "column": 6
        },
        "end": {
          "line": 52,
          "column": 75
        }
      },
      "23": {
        "start": {
          "line": 52,
          "column": 29
        },
        "end": {
          "line": 52,
          "column": 75
        }
      },
      "24": {
        "start": {
          "line": 57,
          "column": 2
        },
        "end": {
          "line": 57,
          "column": 87
        }
      },
      "25": {
        "start": {
          "line": 60,
          "column": 2
        },
        "end": {
          "line": 60,
          "column": 62
        }
      }
    },
    "fnMap": {
      "0": {
        "name": "(anonymous_0)",
        "decl": {
          "start": {
            "line": 6,
            "column": 17
          },
          "end": {
            "line": 6,
            "column": 18
          }
        },
        "loc": {
          "start": {
            "line": 6,
            "column": 41
          },
          "end": {
            "line": 31,
            "column": 1
          }
        },
        "line": 6
      },
      "1": {
        "name": "(anonymous_1)",
        "decl": {
          "start": {
            "line": 32,
            "column": 52
          },
          "end": {
            "line": 32,
            "column": 53
          }
        },
        "loc": {
          "start": {
            "line": 32,
            "column": 63
          },
          "end": {
            "line": 34,
            "column": 1
          }
        },
        "line": 32
      },
      "2": {
        "name": "(anonymous_2)",
        "decl": {
          "start": {
            "line": 47,
            "column": 52
          },
          "end": {
            "line": 47,
            "column": 53
          }
        },
        "loc": {
          "start": {
            "line": 47,
            "column": 72
          },
          "end": {
            "line": 54,
            "column": 3
          }
        },
        "line": 47
      },
      "3": {
        "name": "(anonymous_3)",
        "decl": {
          "start": {
            "line": 49,
            "column": 27
          },
          "end": {
            "line": 49,
            "column": 28
          }
        },
        "loc": {
          "start": {
            "line": 49,
            "column": 44
          },
          "end": {
            "line": 53,
            "column": 5
          }
        },
        "line": 49
      },
      "4": {
        "name": "$RefreshReg$",
        "decl": {
          "start": {
            "line": 56,
            "column": 9
          },
          "end": {
            "line": 56,
            "column": 21
          }
        },
        "loc": {
          "start": {
            "line": 56,
            "column": 32
          },
          "end": {
            "line": 58,
            "column": 1
          }
        },
        "line": 56
      },
      "5": {
        "name": "$RefreshSig$",
        "decl": {
          "start": {
            "line": 59,
            "column": 9
          },
          "end": {
            "line": 59,
            "column": 21
          }
        },
        "loc": {
          "start": {
            "line": 59,
            "column": 24
          },
          "end": {
            "line": 61,
            "column": 1
          }
        },
        "line": 59
      }
    },
    "branchMap": {
      "0": {
        "loc": {
          "start": {
            "line": 8,
            "column": 15
          },
          "end": {
            "line": 8,
            "column": 44
          }
        },
        "type": "binary-expr",
        "locations": [
          {
            "start": {
              "line": 8,
              "column": 15
            },
            "end": {
              "line": 8,
              "column": 29
            }
          },
          {
            "start": {
              "line": 8,
              "column": 33
            },
            "end": {
              "line": 8,
              "column": 44
            }
          }
        ],
        "line": 8
      },
      "1": {
        "loc": {
          "start": {
            "line": 10,
            "column": 2
          },
          "end": {
            "line": 14,
            "column": 11
          }
        },
        "type": "if",
        "locations": [
          {
            "start": {
              "line": 10,
              "column": 2
            },
            "end": {
              "line": 14,
              "column": 11
            }
          },
          {
            "start": {},
            "end": {}
          }
        ],
        "line": 10
      },
      "2": {
        "loc": {
          "start": {
            "line": 40,
            "column": 20
          },
          "end": {
            "line": 40,
            "column": 97
          }
        },
        "type": "binary-expr",
        "locations": [
          {
            "start": {
              "line": 40,
              "column": 20
            },
            "end": {
              "line": 40,
              "column": 60
            }
          },
          {
            "start": {
              "line": 40,
              "column": 64
            },
            "end": {
              "line": 40,
              "column": 97
            }
          }
        ],
        "line": 40
      },
      "3": {
        "loc": {
          "start": {
            "line": 41,
            "column": 0
          },
          "end": {
            "line": 55,
            "column": 1
          }
        },
        "type": "if",
        "locations": [
          {
            "start": {
              "line": 41,
              "column": 0
            },
            "end": {
              "line": 55,
              "column": 1
            }
          },
          {
            "start": {},
            "end": {}
          }
        ],
        "line": 41
      },
      "4": {
        "loc": {
          "start": {
            "line": 41,
            "column": 4
          },
          "end": {
            "line": 41,
            "column": 35
          }
        },
        "type": "binary-expr",
        "locations": [
          {
            "start": {
              "line": 41,
              "column": 4
            },
            "end": {
              "line": 41,
              "column": 19
            }
          },
          {
            "start": {
              "line": 41,
              "column": 23
            },
            "end": {
              "line": 41,
              "column": 35
            }
          }
        ],
        "line": 41
      },
      "5": {
        "loc": {
          "start": {
            "line": 42,
            "column": 2
          },
          "end": {
            "line": 46,
            "column": 3
          }
        },
        "type": "if",
        "locations": [
          {
            "start": {
              "line": 42,
              "column": 2
            },
            "end": {
              "line": 46,
              "column": 3
            }
          },
          {
            "start": {},
            "end": {}
          }
        ],
        "line": 42
      },
      "6": {
        "loc": {
          "start": {
            "line": 50,
            "column": 6
          },
          "end": {
            "line": 50,
            "column": 31
          }
        },
        "type": "if",
        "locations": [
          {
            "start": {
              "line": 50,
              "column": 6
            },
            "end": {
              "line": 50,
              "column": 31
            }
          },
          {
            "start": {},
            "end": {}
          }
        ],
        "line": 50
      },
      "7": {
        "loc": {
          "start": {
            "line": 52,
            "column": 6
          },
          "end": {
            "line": 52,
            "column": 75
          }
        },
        "type": "if",
        "locations": [
          {
            "start": {
              "line": 52,
              "column": 6
            },
            "end": {
              "line": 52,
              "column": 75
            }
          },
          {
            "start": {},
            "end": {}
          }
        ],
        "line": 52
      }
    },
    "s": {
      "0": 7,
      "1": 7,
      "2": 18,
      "3": 18,
      "4": 18,
      "5": 18,
      "6": 18,
      "7": 0,
      "8": 7,
      "9": 6,
      "10": 7,
      "11": 7,
      "12": 7,
      "13": 7,
      "14": 7,
      "15": 0,
      "16": 7,
      "17": 7,
      "18": 7,
      "19": 0,
      "20": 0,
      "21": 0,
      "22": 0,
      "23": 0,
      "24": 7,
      "25": 7
    },
    "f": {
      "0": 18,
      "1": 6,
      "2": 7,
      "3": 0,
      "4": 7,
      "5": 7
    },
    "b": {
      "0": [
        18,
        18
      ],
      "1": [
        18,
        0
      ],
      "2": [
        7,
        0
      ],
      "3": [
        7,
        0
      ],
      "4": [
        7,
        7
      ],
      "5": [
        0,
        7
      ],
      "6": [
        0,
        0
      ],
      "7": [
        0,
        0
      ]
    },
    "inputSourceMap": {
      "version": 3,
      "mappings": "AAQsB;;AARtB,OAAOA,eAAe;AACtB,OAAOC,cAAc;AACrB,OAAOC,sBAAsB;AAE7B,MAAMC,WAAWA,CAAC,EAAEC,eAAe,MAAM;AAAAC,KAAA;AACvC,QAAMC,OAAOF,kBAAkBJ,UAAU;AACzC,QAAM,EAAEO,QAAQC,QAAQ,IAAIF;AAE5B,MAAIE,QAAS,QAAO,uBAAC,SAAI,0BAAL;AAAA;AAAA;AAAA;AAAA,SAAe;AAEnC,SACE,uBAAC,SACC;AAAA,2BAAC,YAAS,UAAV;AAAA;AAAA;AAAA;AAAA,WAAyB;AAAA,IACzB,uBAAC,oBAAiB,UAAlB;AAAA;AAAA;AAAA;AAAA,WAAiC;AAAA,OAFnC;AAAA;AAAA;AAAA;AAAA,SAGA;AAEJ;AAACH,GAZKF,UAAQ;AAAA,UACmBH,SAAS;AAAA;AAAA,KADpCG;AAcN,eAAeA;AAAQ,IAAAM;AAAA,aAAAA,IAAA",
      "names": [
        "useNovels",
        "NovelRow",
        "CurrentlyReading",
        "MainPage",
        "novelsOverride",
        "_s",
        "data",
        "novels",
        "loading",
        "_c"
      ],
      "ignoreList": [],
      "sources": [
        "C:/dev/storycat/src/pages/MainPage.jsx"
      ],
      "file": "C:/dev/storycat/src/pages/MainPage.jsx"
    },
    "_coverageSchema": "1a1c01bbd47fc00a2c39e90264f33305004495a9",
    "hash": "f9fb73a8ff00fbca8958b21deb1175a0dcfe9d60"
  },
  "C:/dev/storycat/src/pages/CatalogPage.jsx": {
    "path": "C:/dev/storycat/src/pages/CatalogPage.jsx",
    "statementMap": {
      "0": {
        "start": {
          "line": 2,
          "column": 9
        },
        "end": {
          "line": 2,
          "column": 23
        }
      },
      "1": {
        "start": {
          "line": 6,
          "column": 20
        },
        "end": {
          "line": 64,
          "column": 1
        }
      },
      "2": {
        "start": {
          "line": 7,
          "column": 2
        },
        "end": {
          "line": 7,
          "column": 7
        }
      },
      "3": {
        "start": {
          "line": 8,
          "column": 15
        },
        "end": {
          "line": 8,
          "column": 44
        }
      },
      "4": {
        "start": {
          "line": 9,
          "column": 30
        },
        "end": {
          "line": 9,
          "column": 34
        }
      },
      "5": {
        "start": {
          "line": 10,
          "column": 2
        },
        "end": {
          "line": 14,
          "column": 11
        }
      },
      "6": {
        "start": {
          "line": 10,
          "column": 15
        },
        "end": {
          "line": 14,
          "column": 11
        }
      },
      "7": {
        "start": {
          "line": 15,
          "column": 2
        },
        "end": {
          "line": 63,
          "column": 11
        }
      },
      "8": {
        "start": {
          "line": 38,
          "column": 33
        },
        "end": {
          "line": 53,
          "column": 14
        }
      },
      "9": {
        "start": {
          "line": 65,
          "column": 0
        },
        "end": {
          "line": 67,
          "column": 3
        }
      },
      "10": {
        "start": {
          "line": 66,
          "column": 2
        },
        "end": {
          "line": 66,
          "column": 21
        }
      },
      "11": {
        "start": {
          "line": 68,
          "column": 0
        },
        "end": {
          "line": 68,
          "column": 17
        }
      },
      "12": {
        "start": {
          "line": 71,
          "column": 0
        },
        "end": {
          "line": 71,
          "column": 32
        }
      },
      "13": {
        "start": {
          "line": 73,
          "column": 20
        },
        "end": {
          "line": 73,
          "column": 97
        }
      },
      "14": {
        "start": {
          "line": 74,
          "column": 0
        },
        "end": {
          "line": 88,
          "column": 1
        }
      },
      "15": {
        "start": {
          "line": 75,
          "column": 2
        },
        "end": {
          "line": 79,
          "column": 3
        }
      },
      "16": {
        "start": {
          "line": 76,
          "column": 4
        },
        "end": {
          "line": 78,
          "column": 6
        }
      },
      "17": {
        "start": {
          "line": 80,
          "column": 2
        },
        "end": {
          "line": 87,
          "column": 5
        }
      },
      "18": {
        "start": {
          "line": 81,
          "column": 4
        },
        "end": {
          "line": 81,
          "column": 111
        }
      },
      "19": {
        "start": {
          "line": 82,
          "column": 4
        },
        "end": {
          "line": 86,
          "column": 7
        }
      },
      "20": {
        "start": {
          "line": 83,
          "column": 6
        },
        "end": {
          "line": 83,
          "column": 31
        }
      },
      "21": {
        "start": {
          "line": 83,
          "column": 24
        },
        "end": {
          "line": 83,
          "column": 31
        }
      },
      "22": {
        "start": {
          "line": 84,
          "column": 32
        },
        "end": {
          "line": 84,
          "column": 160
        }
      },
      "23": {
        "start": {
          "line": 85,
          "column": 6
        },
        "end": {
          "line": 85,
          "column": 75
        }
      },
      "24": {
        "start": {
[...]
          },
          "end": {
            "line": 4,
            "column": 24
          }
        },
        "loc": {
          "start": {
            "line": 4,
            "column": 41
          },
          "end": {
            "line": 13,
            "column": 1
          }
        },
        "line": 4
      },
      "1": {
        "name": "(anonymous_1)",
        "decl": {
          "start": {
            "line": 26,
            "column": 52
          },
          "end": {
            "line": 26,
            "column": 53
          }
        },
        "loc": {
          "start": {
            "line": 26,
            "column": 72
          },
          "end": {
            "line": 33,
            "column": 3
          }
        },
        "line": 26
      },
      "2": {
        "name": "(anonymous_2)",
        "decl": {
          "start": {
            "line": 28,
            "column": 27
          },
          "end": {
            "line": 28,
            "column": 28
          }
        },
        "loc": {
          "start": {
            "line": 28,
            "column": 44
          },
          "end": {
            "line": 32,
            "column": 5
          }
        },
        "line": 28
      },
      "3": {
        "name": "$RefreshReg$",
        "decl": {
          "start": {
            "line": 35,
            "column": 9
          },
          "end": {
            "line": 35,
            "column": 21
          }
        },
        "loc": {
          "start": {
            "line": 35,
            "column": 32
          },
          "end": {
            "line": 37,
            "column": 1
          }
        },
        "line": 35
      },
      "4": {
        "name": "$RefreshSig$",
        "decl": {
          "start": {
            "line": 38,
            "column": 9
          },
          "end": {
            "line": 38,
            "column": 21
          }
        },
        "loc": {
          "start": {
            "line": 38,
            "column": 24
          },
          "end": {
            "line": 40,
            "column": 1
          }
        },
        "line": 38
      }
    },
    "branchMap": {
      "0": {
        "loc": {
          "start": {
            "line": 5,
            "column": 2
          },
          "end": {
            "line": 11,
            "column": 3
          }
        },
        "type": "if",
        "locations": [
          {
            "start": {
              "line": 5,
              "column": 2
            },
            "end": {
              "line": 11,
              "column": 3
            }
          },
          {
            "start": {},
            "end": {}
          }
        ],
        "line": 5
      },
      "1": {
        "loc": {
          "start": {
            "line": 19,
            "column": 20
          },
          "end": {
            "line": 19,
            "column": 97
          }
        },
        "type": "binary-expr",
        "locations": [
          {
            "start": {
              "line": 19,
              "column": 20
            },
            "end": {
              "line": 19,
              "column": 60
            }
          },
          {
            "start": {
              "line": 19,
              "column": 64
            },
            "end": {
              "line": 19,
              "column": 97
            }
          }
        ],
        "line": 19
      },
      "2": {
        "loc": {
          "start": {
            "line": 20,
            "column": 0
          },
          "end": {
            "line": 34,
            "column": 1
          }
        },
        "type": "if",
        "locations": [
          {
            "start": {
              "line": 20,
              "column": 0
            },
            "end": {
              "line": 34,
              "column": 1
            }
          },
          {
            "start": {},
            "end": {}
          }
        ],
        "line": 20
      },
      "3": {
        "loc": {
          "start": {
            "line": 20,
            "column": 4
          },
          "end": {
            "line": 20,
            "column": 35
          }
        },
        "type": "binary-expr",
        "locations": [
          {
            "start": {
              "line": 20,
              "column": 4
            },
            "end": {
              "line": 20,
              "column": 19
            }
          },
          {
            "start": {
              "line": 20,
              "column": 23
            },
            "end": {
              "line": 20,
              "column": 35
            }
          }
        ],
        "line": 20
      },
      "4": {
        "loc": {
          "start": {
            "line": 21,
            "column": 2
          },
          "end": {
            "line": 25,
            "column": 3
          }
        },
        "type": "if",
        "locations": [
          {
            "start": {
              "line": 21,
              "column": 2
            },
            "end": {
              "line": 25,
              "column": 3
            }
          },
          {
            "start": {},
            "end": {}
          }
        ],
        "line": 21
      },
      "5": {
        "loc": {
          "start": {
            "line": 29,
            "column": 6
          },
          "end": {
            "line": 29,
            "column": 31
          }
        },
        "type": "if",
        "locations": [
          {
            "start": {
              "line": 29,
              "column": 6
            },
            "end": {
              "line": 29,
              "column": 31
            }
          },
          {
            "start": {},
            "end": {}
          }
        ],
        "line": 29
      },
      "6": {
        "loc": {
          "start": {
            "line": 31,
            "column": 6
          },
          "end": {
            "line": 31,
            "column": 75
          }
        },
        "type": "if",
        "locations": [
          {
            "start": {
              "line": 31,
              "column": 6
            },
            "end": {
              "line": 31,
              "column": 75
            }
          },
          {
            "start": {},
            "end": {}
          }
        ],
        "line": 31
      }
    },
    "s": {
      "0": 7,
      "1": 12,
      "2": 0,
      "3": 12,
      "4": 7,
      "5": 7,
      "6": 7,
      "7": 7,
      "8": 7,
      "9": 0,
      "10": 7,
      "11": 7,
      "12": 7,
      "13": 0,
      "14": 0,
      "15": 0,
      "16": 0,
      "17": 0,
      "18": 7,
      "19": 0
    },
    "f": {
      "0": 12,
      "1": 7,
      "2": 0,
      "3": 7,
      "4": 0
    },
    "b": {
      "0": [
        0,
        12
      ],
      "1": [
        7,
        0
      ],
      "2": [
        7,
        0
      ],
      "3": [
        7,
        7
      ],
      "4": [
        0,
        7
      ],
      "5": [
        0,
        0
      ],
      "6": [
        0,
        0
      ]
    },
    "inputSourceMap": {
      "version": 3,
      "mappings": "AAKW;AALX,SAASA,gBAAgB;AACzB,SAASC,uBAAuB;AAEhC,MAAMC,iBAAiBA,CAAC,EAAEC,SAAS,MAAM;AACvC,MAAI,CAACF,gBAAgB,GAAG;AACtB,WAAO,uBAAC,YAAS,IAAG,UAAS,SAAO,QAA7B;AAAA;AAAA;AAAA;AAAA,WAA6B;AAAA,EACtC;AAEA,SAAOE;AACT;AAACC,KANKF;AAQN,eAAeA;AAAc,IAAAE;AAAA,aAAAA,IAAA",
      "names": [
        "Navigate",
        "isAuthenticated",
        "ProtectedRoute",
        "children",
        "_c"
      ],
      "ignoreList": [],
      "sources": [
        "C:/dev/storycat/src/components/ProtectedRoute.jsx"
      ],
      "file": "C:/dev/storycat/src/components/ProtectedRoute.jsx"
    },
    "_coverageSchema": "1a1c01bbd47fc00a2c39e90264f33305004495a9",
    "hash": "c5c30ad4fcbf019d7bb3ec46b61255005cbbb90b"
  },
  "C:/dev/storycat/src/App.jsx": {
    "path": "C:/dev/storycat/src/App.jsx",
    "statementMap": {
      "0": {
        "start": {
          "line": 10,
          "column": 2
        },
        "end": {
          "line": 80,
          "column": 11
        }
      },
      "1": {
        "start": {
          "line": 82,
          "column": 0
        },
        "end": {
          "line": 82,
          "column": 9
        }
      },
      "2": {
        "start": {
          "line": 85,
          "column": 0
        },
        "end": {
          "line": 85,
          "column": 24
        }
      },
      "3": {
        "start": {
          "line": 87,
          "column": 20
        },
        "end": {
          "line": 87,
          "column": 97
        }
      },
      "4": {
        "start": {
          "line": 88,
          "column": 0
        },
        "end": {
          "line": 102,
          "column": 1
        }
      },
      "5": {
        "start": {
          "line": 89,
          "column": 2
        },
        "end": {
          "line": 93,
          "column": 3
        }
      },
      "6": {
        "start": {
          "line": 90,
          "column": 4
        },
        "end": {
          "line": 92,
          "column": 6
        }
      },
      "7": {
        "start": {
          "line": 94,
          "column": 2
        },
        "end": {
          "line": 101,
          "column": 5
        }
      },
      "8": {
        "start": {
          "line": 95,
          "column": 4
        },
        "end": {
          "line": 95,
          "column": 97
        }
      },
      "9": {
        "start": {
          "line": 96,
          "column": 4
        },
        "end": {
          "line": 100,
          "column": 7
        }
      },
      "10": {
        "start": {
          "line": 97,
          "column": 6
        },
        "end": {
          "line": 97,
          "column": 31
        }
      },
      "11": {
        "start": {
          "line": 97,
          "column": 24
        },
        "end": {
          "line": 97,
          "column": 31
        }
      },
      "12": {
        "start": {
          "line": 98,
          "column": 32
        },
        "end": {
          "line": 98,
          "column": 146
        }
      },
      "13": {
        "start": {
          "line": 99,
          "column": 6
        },
        "end": {
          "line": 99,
          "column": 75
        }
      },
      "14": {
        "start": {
          "line": 99,
          "column": 29
        },
        "end": {
          "line": 99,
          "column": 75
        }
      },
      "15": {
        "start": {
          "line": 104,
          "column": 2
        },
        "end": {
          "line": 104,
          "column": 76
        }
      },
      "16": {
        "start": {
          "line": 107,
          "column": 2
        },
        "end": {
          "line": 107,
          "column": 62
        }
      }
    },
    "fnMap": {
      "0": {
        "name": "App",
        "decl": {
          "start": {
            "line": 9,
            "column": 9
          },
          "end": {
            "line": 9,
            "column": 12
          }
        },
        "loc": {
          "start": {
            "line": 9,
            "column": 15
          },
          "end": {
            "line": 81,
            "column": 1
          }
        },
        "line": 9
      },
      "1": {
        "name": "(anonymous_1)",
        "decl": {
          "start": {
            "line": 94,
            "column": 52
          },
          "end": {
            "line": 94,
            "column": 53
          }
        },
        "loc": {
          "start": {
            "line": 94,
            "column": 72
          },
          "end": {
            "line": 101,
            "column": 3
          }
        },
        "line": 94
      },
      "2": {
        "name": "(anonymous_2)",
        "decl": {
          "start": {
            "line": 96,
            "column": 27
          },
          "end": {
            "line": 96,
            "column": 28
          }
        },
        "loc": {
          "start": {
            "line": 96,
            "column": 44
          },
          "end": {
            "line": 100,
            "column": 5
          }
        },
        "line": 96
      },
      "3": {
        "name": "$RefreshReg$",
        "decl": {
          "start": {
            "line": 103,
            "column": 9
          },
          "end": {
            "line": 103,
            "column": 21
          }
        },
        "loc": {
          "start": {
            "line": 103,
            "column": 32
          },
          "end": {
            "line": 105,
            "column": 1
          }
        },
        "line": 103
      },
      "4": {
        "name": "$RefreshSig$",
        "decl": {
          "start": {
            "line": 106,
            "column": 9
          },
          "end": {
            "line": 106,
            "column": 21
          }
        },
        "loc": {
          "start": {
            "line": 106,
            "column": 24
          },
          "end": {
            "line": 108,
            "column": 1
          }
        },
        "line": 106
      }
    },
    "branchMap": {
      "0": {
        "loc": {
          "start": {
            "line": 87,
            "column": 20
          },
          "end": {
            "line": 87,
            "column": 97
          }
        },
        "type": "binary-expr",
        "locations": [
          {
            "start": {
              "line": 87,
              "column": 20
            },
            "end": {
              "line": 87,
              "column": 60
            }
          },
          {
            "start": {
              "line": 87,
              "column": 64
            },
            "end": {
              "line": 87,
              "column": 97
            }
          }
        ],
        "line": 87
      },
      "1": {
        "loc": {
          "start": {
            "line": 88,
            "column": 0
          },
          "end": {
            "line": 102,
            "column": 1
          }
        },
        "type": "if",
        "locations": [
          {
            "start": {
              "line": 88,
              "column": 0
            },
            "end": {
              "line": 102,
              "column": 1
            }
          },
          {
            "start": {},
            "end": {}
          }
        ],
        "line": 88
      },
      "2": {
        "loc": {
          "start": {
            "line": 88,
            "column": 4
          },
          "end": {
            "line": 88,
            "column": 35
          }
        },
        "type": "binary-expr",
        "locations": [
          {
            "start": {
              "line": 88,
              "column": 4
            },
            "end": {
              "line": 88,
              "column": 19
            }
          },
          {
            "start": {
              "line": 88,
              "column": 23
            },
            "end": {
              "line": 88,
              "column": 35
            }
          }
        ],
        "line": 88
      },
      "3": {
        "loc": {
          "start": {
            "line": 89,
            "column": 2
          },
          "end": {
            "line": 93,
            "column": 3
          }
        },
        "type": "if",
        "locations": [
          {
            "start": {
              "line": 89,
              "column": 2
            },
            "end": {
              "line": 93,
              "column": 3
            }
          },
          {
            "start": {},
            "end": {}
          }
        ],
        "line": 89
      },
      "4": {
        "loc": {
          "start": {
            "line": 97,
            "column": 6
          },
          "end": {
            "line": 97,
            "column": 31
          }
        },
        "type": "if",
        "locations": [
          {
            "start": {
              "line": 97,
              "column": 6
            },
            "end": {
              "line": 97,
              "column": 31
            }
          },
          {
            "start": {},
            "end": {}
          }
        ],
        "line": 97
      },
      "5": {
        "loc": {
          "start": {
            "line": 99,
            "column": 6
          },
          "end": {
            "line": 99,
            "column": 75
          }
        },
        "type": "if",
        "locations": [
          {
            "start": {
              "line": 99,
              "column": 6
            },
            "end": {
              "line": 99,
              "column": 75
            }
          },
          {
            "start": {},
            "end": {}
          }
        ],
        "line": 99
      }
    },
    "s": {
      "0": 14,
      "1": 7,
      "2": 7,
      "3": 7,
      "4": 7,
      "5": 7,
      "6": 0,
      "7": 7,
      "8": 7,
      "9": 7,
      "10": 0,
      "11": 0,
      "12": 0,
      "13": 0,
      "14": 0,
      "15": 7,
      "16": 0
    },
    "f": {
      "0": 14,
      "1": 7,
      "2": 0,
      "3": 7,
      "4": 0
    },
    "b": {
      "0": [
        7,
        0
      ],
      "1": [
        7,
        0
      ],
      "2": [
        7,
        7
      ],
      "3": [
        0,
        7
      ],
      "4": [
        0,
        0
      ],
      "5": [
        0,
        0
      ]
    },
    "inputSourceMap": {
      "version": 3,
      "mappings": "AAgBc;AAhBd,SAASA,eAAeC,QAAQC,aAAa;AAC7C,OAAOC,YAAY;AACnB,OAAOC,cAAc;AACrB,OAAOC,iBAAiB;AACxB,OAAOC,eAAe;AACtB,OAAOC,eAAe;AACtB,OAAOC,oBAAoB;AAE3B,SAASC,MAAM;AACb,SACE,uBAAC,iBACC,iCAAC,UACC;AAAA;AAAA,MAAC;AAAA;AAAA,QACC,MAAK;AAAA,QACL,SACE,uBAAC,kBACC,iCAAC,YAAD;AAAA;AAAA;AAAA;AAAA,eAAO,KADT;AAAA;AAAA;AAAA;AAAA,eAEA;AAAA,QAGF;AAAA,iCAAC,SAAM,OAAK,MAAC,SAAS,uBAAC,cAAD;AAAA;AAAA;AAAA;AAAA,iBAAS,KAA/B;AAAA;AAAA;AAAA;AAAA,iBAAmC;AAAA,UACnC,uBAAC,SAAM,MAAK,WAAU,SAAS,uBAAC,iBAAD;AAAA;AAAA;AAAA;AAAA,iBAAY,KAA3C;AAAA;AAAA;AAAA;AAAA,iBAA+C;AAAA,UAC/C,uBAAC,SAAM,MAAK,aAAY,SAAS,uBAAC,eAAD;AAAA;AAAA;AAAA;AAAA,iBAAU,KAA3C;AAAA;AAAA;AAAA;AAAA,iBAA+C;AAAA;AAAA;AAAA,MAVjD;AAAA;AAAA;AAAA;AAAA;AAAA;AAAA;AAAA;AAAA,IAWA;AAAA,IAEA,uBAAC,SAAM,MAAK,UAAS,SAAS,uBAAC,eAAD;AAAA;AAAA;AAAA;AAAA,WAAU,KAAxC;AAAA;AAAA;AAAA;AAAA,WAA4C;AAAA,OAd9C;AAAA;AAAA;AAAA;AAAA,SAeA,KAhBF;AAAA;AAAA;AAAA;AAAA,SAiBA;AAEJ;AAACC,KArBQD;AAuBT,eAAeA;AAAG,IAAAC;AAAA,aAAAA,IAAA",
      "names": [
        "BrowserRouter",
        "Routes",
        "Route",
        "Layout",
        "MainPage",
        "CatalogPage",
        "NovelPage",
        "LoginPage",
        "ProtectedRoute",
        "App",
        "_c"
      ],
      "ignoreList": [],
      "sources": [
        "C:/dev/storycat/src/App.jsx"
      ],
      "file": "C:/dev/storycat/src/App.jsx"
    },
    "_coverageSchema": "1a1c01bbd47fc00a2c39e90264f33305004495a9",
    "hash": "02c2c75c05b9ba46d38bcd7c4f2500e70b32d1bb"
  },
  "C:/dev/storycat/src/main.jsx": {
    "path": "C:/dev/storycat/src/main.jsx",
    "statementMap": {
      "0": {
        "start": {
          "line": 6,
          "column": 0
        },
        "end": {
          "line": 16,
          "column": 2
        }
      }
    },
    "fnMap": {},
    "branchMap": {},
    "s": {
      "0": 7
    },
    "f": {},
    "b": {},
    "inputSourceMap": {
      "version": 3,
      "mappings": "AAOI;AAPJ,SAASA,kBAAkB;AAC3B,SAASC,kBAAkB;AAC3B,OAAO;AACP,OAAOC,SAAS;AAEhBD,WAAWE,SAASC,eAAe,MAAM,CAAC,EAAEC;AAAAA,EAC1C,uBAAC,cACC,iCAAC,SAAD;AAAA;AAAA;AAAA;AAAA,SAAI,KADN;AAAA;AAAA;AAAA;AAAA,SAEA;AACF",
      "names": [
        "StrictMode",
        "createRoot",
        "App",
        "document",
        "getElementById",
        "render"
      ],
      "ignoreList": [],
      "sources": [
        "C:/dev/storycat/src/main.jsx"
      ],
      "file": "C:/dev/storycat/src/main.jsx"
    },
    "_coverageSchema": "1a1c01bbd47fc00a2c39e90264f33305004495a9",
    "hash": "f9008c9d6c6a290926530a7376b5f2a5c835a57d"
  }
}