<?xml version="1.0" encoding="UTF-8"?>
<coverage generated="1771453326563" clover="3.2.0">
  <project timestamp="1771453326563" name="All files">
    <metrics statements="147" coveredstatements="126" conditionals="23" coveredconditionals="16" methods="37" coveredmethods="28" elements="207" coveredelements="170" complexity="0" loc="147" ncloc="147" packages="8" files="18" classes="18"/>
    <package name="src">
      <metrics statements="4" coveredstatements="4" conditionals="0" coveredconditionals="0" methods="1" coveredmethods="1"/>
      <file name="App.jsx" path="C:/dev/storycat/src/App.jsx">
        <metrics statements="3" coveredstatements="3" conditionals="0" coveredconditionals="0" methods="1" coveredmethods="1"/>
        <line num="10" count="14" type="stmt"/>
        <line num="30" count="7" type="stmt"/>
        <line num="32" count="7" type="stmt"/>
      </file>
      <file name="main.jsx" path="C:/dev/storycat/src/main.jsx">
        <metrics statements="1" coveredstatements="1" conditionals="0" coveredconditionals="0" methods="0" coveredmethods="0"/>
        <line num="6" count="7" type="stmt"/>
      </file>
    </package>
    <package name="src.api">
      <metrics statements="23" coveredstatements="18" conditionals="5" coveredconditionals="1" methods="3" coveredmethods="3"/>
      <file name="authApi.js" path="C:/dev/storycat/src/api/authApi.js">
        <metrics statements="12" coveredstatements="9" conditionals="3" coveredconditionals="1" methods="1" coveredmethods="1"/>
        <line num="3" count="7" type="stmt"/>
        <line num="4" count="6" type="stmt"/>
        <line num="5" count="6" type="stmt"/>
        <line num="7" count="6" type="cond" truecount="0" falsecount="1"/>
        <line num="8" count="0" type="stmt"/>
        <line num="9" count="0" type="stmt"/>
        <line num="12" count="6" type="cond" truecount="0" falsecount="1"/>
        <line num="13" count="0" type="stmt"/>
        <line num="16" count="6" type="stmt"/>
        <line num="18" count="6" type="cond" truecount="1" falsecount="0"/>
        <line num="19" count="1" type="stmt"/>
        <line num="22" count="5" type="stmt"/>
      </file>
      <file name="baseApi.js" path="C:/dev/storycat/src/api/baseApi.js">
        <metrics statements="1" coveredstatements="1" conditionals="0" coveredconditionals="0" methods="0" coveredmethods="0"/>
        <line num="1" count="7" type="stmt"/>
      </file>
      <file name="novelsApi.js" path="C:/dev/storycat/src/api/novelsApi.js">
        <metrics statements="10" coveredstatements="8" conditionals="2" coveredconditionals="0" methods="2" coveredmethods="2"/>
        <line num="3" count="7" type="stmt"/>
        <line num="4" count="24" type="stmt"/>
        <line num="6" count="12" type="cond" truecount="0" falsecount="1"/>
        <line num="7" count="0" type="stmt"/>
        <line num="10" count="12" type="stmt"/>
        <line num="13" count="7" type="stmt"/>
        <line num="14" count="6" type="stmt"/>
        <line num="16" count="4" type="cond" truecount="0" falsecount="1"/>
        <line num="17" count="0" type="stmt"/>
        <line num="20" count="4" type="stmt"/>
      </file>
    </package>
    <package name="src.components">
      <metrics statements="6" coveredstatements="5" conditionals="1" coveredconditionals="0" methods="1" coveredmethods="1"/>
      <file name="ProtectedRoute.jsx" path="C:/dev/storycat/src/components/ProtectedRoute.jsx">
        <metrics statements="6" coveredstatements="5" conditionals="1" coveredconditionals="0" methods="1" coveredmethods="1"/>
        <line num="4" count="7" type="stmt"/>
        <line num="5" count="12" type="cond" truecount="0" falsecount="1"/>
        <line num="6" count="0" type="stmt"/>
        <line num="9" count="12" type="stmt"/>
        <line num="10" count="7" type="stmt"/>
        <line num="12" count="7" type="stmt"/>
      </file>
    </package>
    <package name="src.components.mainPage">
      <metrics statements="20" coveredstatements="9" conditionals="0" coveredconditionals="0" methods="7" coveredmethods="0"/>
      <file name="CurrentlyReading.jsx" path="C:/dev/storycat/src/components/mainPage/CurrentlyReading.jsx">
        <metrics statements="14" coveredstatements="6" conditionals="0" coveredconditionals="0" methods="5" coveredmethods="0"/>
        <line num="4" count="7" type="stmt"/>
        <line num="5" count="0" type="stmt"/>
        <line num="6" count="0" type="stmt"/>
        <line num="9" count="7" type="stmt"/>
        <line num="10" count="0" type="stmt"/>
        <line num="11" count="0" type="stmt"/>
        <line num="12" count="0" type="stmt"/>
        <line num="14" count="0" type="stmt"/>
        <line num="25" count="7" type="stmt"/>
        <line num="27" count="7" type="stmt"/>
        <line num="28" count="0" type="stmt"/>
        <line num="32" count="0" type="stmt"/>
        <line num="41" count="7" type="stmt"/>
        <line num="43" count="14" type="stmt"/>
      </file>
      <file name="NovelRow.jsx" path="C:/dev/storycat/src/components/mainPage/NovelRow.jsx">
        <metrics statements="6" coveredstatements="3" conditionals="0" coveredconditionals="0" methods="2" coveredmethods="0"/>
        <line num="4" count="7" type="stmt"/>
        <line num="5" count="0" type="stmt"/>
        <line num="7" count="0" type="stmt"/>
        <line num="11" count="0" type="stmt"/>
        <line num="19" count="7" type="stmt"/>
        <line num="21" count="7" type="stmt"/>
      </file>
    </package>
    <package name="src.hooks">
      <metrics statements="40" coveredstatements="39" conditionals="0" coveredconditionals="0" methods="8" coveredmethods="8"/>
      <file name="useAuth.js" path="C:/dev/storycat/src/hooks/useAuth.js">
        <metrics statements="14" coveredstatements="14" conditionals="0" coveredconditionals="0" methods="2" coveredmethods="2"/>
        <line num="4" count="7" type="stmt"/>
        <line num="5" count="522" type="stmt"/>
        <line num="6" count="522" type="stmt"/>
        <line num="8" count="522" type="stmt"/>
        <line num="9" count="6" type="stmt"/>
        <line num="10" count="6" type="stmt"/>
        <line num="11" count="6" type="stmt"/>
        <line num="13" count="6" type="stmt"/>
        <line num="15" count="5" type="stmt"/>
        <line num="17" count="5" type="stmt"/>
        <line num="19" count="1" type="stmt"/>
        <line num="20" count="1" type="stmt"/>
        <line num="22" count="6" type="stmt"/>
        <line num="26" count="522" type="stmt"/>
      </file>
      <file name="useNovel.js" path="C:/dev/storycat/src/hooks/useNovel.js">
        <metrics statements="13" coveredstatements="12" conditionals="0" coveredconditionals="0" methods="3" coveredmethods="3"/>
        <line num="4" count="7" type="stmt"/>
        <line num="5" count="12" type="stmt"/>
        <line num="6" count="12" type="stmt"/>
        <line num="7" count="12" type="stmt"/>
        <line num="9" count="12" type="stmt"/>
        <line num="10" count="6" type="stmt"/>
        <line num="11" count="6" type="stmt"/>
        <line num="12" count="6" type="stmt"/>
        <line num="13" count="4" type="stmt"/>
        <line num="15" count="0" type="stmt"/>
        <line num="17" count="4" type="stmt"/>
        <line num="21" count="6" type="stmt"/>
        <line num="24" count="12" type="stmt"/>
      </file>
      <file name="useNovels.js" path="C:/dev/storycat/src/hooks/useNovels.js">
        <metrics statements="13" coveredstatements="13" conditionals="0" coveredconditionals="0" methods="3" coveredmethods="3"/>
        <line num="4" count="7" type="stmt"/>
        <line num="5" count="30" type="stmt"/>
        <line num="6" count="30" type="stmt"/>
        <line num="7" count="30" type="stmt"/>
        <line num="9" count="30" type="stmt"/>
        <line num="10" count="24" type="stmt"/>
        <line num="11" count="24" type="stmt"/>
        <line num="12" count="24" type="stmt"/>
        <line num="13" count="12" type="stmt"/>
        <line num="15" count="2" type="stmt"/>
        <line num="17" count="14" type="stmt"/>
        <line num="21" count="24" type="stmt"/>
        <line num="24" count="30" type="stmt"/>
      </file>
    </package>
    <package name="src.layout">
      <metrics statements="8" coveredstatements="8" conditionals="0" coveredconditionals="0" methods="2" coveredmethods="2"/>
      <file name="Header.jsx" path="C:/dev/storycat/src/layout/Header.jsx">
        <metrics statements="4" coveredstatements="4" conditionals="0" coveredconditionals="0" methods="1" coveredmethods="1"/>
        <line num="8" count="7" type="stmt"/>
        <line num="9" count="12" type="stmt"/>
        <line num="28" count="7" type="stmt"/>
        <line num="30" count="7" type="stmt"/>
      </file>
      <file name="Layout.jsx" path="C:/dev/storycat/src/layout/Layout.jsx">
        <metrics statements="4" coveredstatements="4" conditionals="0" coveredconditionals="0" methods="1" coveredmethods="1"/>
        <line num="4" count="7" type="stmt"/>
        <line num="5" count="12" type="stmt"/>
        <line num="13" count="7" type="stmt"/>
        <line num="15" count="7" type="stmt"/>
      </file>
    </package>
    <package name="src.pages">
      <metrics statements="40" coveredstatements="39" conditionals="17" coveredconditionals="15" methods="12" coveredmethods="12"/>
      <file name="CatalogPage.jsx" path="C:/dev/storycat/src/pages/CatalogPage.jsx">
        <metrics statements="8" coveredstatements="8" conditionals="3" coveredconditionals="3" methods="3" coveredmethods="3"/>
        <line num="5" count="12" type="stmt"/>
        <line num="6" count="12" type="cond" truecount="2" falsecount="0"/>
        <line num="7" count="12" type="stmt"/>
        <line num="9" count="12" type="cond" truecount="1" falsecount="0"/>
        <line num="11" count="6" type="stmt"/>
        <line num="22" count="48" type="stmt"/>
        <line num="30" count="7" type="stmt"/>
        <line num="32" count="7" type="stmt"/>
      </file>
      <file name="LoginPage.jsx" path="C:/dev/storycat/src/pages/LoginPage.jsx">
        <metrics statements="16" coveredstatements="16" conditionals="6" coveredconditionals="6" methods="5" coveredmethods="5"/>
        <line num="6" count="522" type="stmt"/>
        <line num="7" count="522" type="cond" truecount="2" falsecount="0"/>
        <line num="8" count="522" type="stmt"/>
        <line num="10" count="522" type="stmt"/>
        <line num="11" count="522" type="stmt"/>
        <line num="13" count="522" type="stmt"/>
        <line num="15" count="522" type="stmt"/>
        <line num="16" count="6" type="stmt"/>
        <line num="18" count="6" type="stmt"/>
        <line num="19" count="6" type="stmt"/>
        <line num="20" count="5" type="stmt"/>
        <line num="26" count="522" type="stmt"/>
        <line num="37" count="155" type="stmt"/>
        <line num="45" count="88" type="stmt"/>
        <line num="57" count="7" type="stmt"/>
        <line num="59" count="7" type="stmt"/>
      </file>
      <file name="MainPage.jsx" path="C:/dev/storycat/src/pages/MainPage.jsx">
        <metrics statements="7" coveredstatements="6" conditionals="3" coveredconditionals="3" methods="2" coveredmethods="2"/>
        <line num="5" count="18" type="stmt"/>
        <line num="6" count="18" type="cond" truecount="2" falsecount="0"/>
        <line num="7" count="18" type="stmt"/>
        <line num="9" count="18" type="cond" truecount="1" falsecount="0"/>
        <line num="11" count="0" type="stmt"/>
        <line num="17" count="7" type="stmt"/>
        <line num="19" count="7" type="stmt"/>
      </file>
      <file name="NovelPage.jsx" path="C:/dev/storycat/src/pages/NovelPage.jsx">
        <metrics statements="9" coveredstatements="9" conditionals="5" coveredconditionals="3" methods="2" coveredmethods="2"/>
        <line num="5" count="12" type="stmt"/>
        <line num="6" count="12" type="stmt"/>
        <line num="7" count="12" type="cond" truecount="2" falsecount="0"/>
        <line num="9" count="12" type="cond" truecount="1" falsecount="0"/>
        <line num="10" count="6" type="cond" truecount="0" falsecount="1"/>
        <line num="11" count="6" type="cond" truecount="0" falsecount="1"/>
        <line num="13" count="6" type="stmt"/>
        <line num="46" count="7" type="stmt"/>
        <line num="48" count="7" type="stmt"/>
      </file>
    </package>
    <package name="src.utils">
      <metrics statements="6" coveredstatements="4" conditionals="0" coveredconditionals="0" methods="3" coveredmethods="1"/>
      <file name="auth.js" path="C:/dev/storycat/src/utils/auth.js">
        <metrics statements="6" coveredstatements="4" conditionals="0" coveredconditionals="0" methods="3" coveredmethods="1"/>
        <line num="1" count="7" type="stmt"/>
        <line num="2" count="0" type="stmt"/>
        <line num="5" count="7" type="stmt"/>
        <line num="6" count="12" type="stmt"/>
        <line num="9" count="7" type="stmt"/>
        <line num="10" count="0" type="stmt"/>
      </file>
    </package>
  </project>
</coverage>
