<?xml version="1.0" encoding="UTF-8"?>
<coverage generated="1771451753698" clover="3.2.0">
  <project timestamp="1771451753698" name="All files">
    <metrics statements="112" coveredstatements="56" conditionals="22" coveredconditionals="13" methods="27" coveredmethods="16" elements="161" coveredelements="85" complexity="0" loc="112" ncloc="112" packages="5" files="13" classes="13"/>
    <package name="api">
      <metrics statements="23" coveredstatements="4" conditionals="5" coveredconditionals="0" methods="3" coveredmethods="0"/>
      <file name="authApi.js" path="C:/dev/storycat/src/api/authApi.js">
        <metrics statements="12" coveredstatements="1" conditionals="3" coveredconditionals="0" methods="1" coveredmethods="0"/>
        <line num="3" count="5" type="stmt"/>
        <line num="4" count="0" type="stmt"/>
        <line num="5" count="0" type="stmt"/>
        <line num="7" count="0" type="cond" truecount="0" falsecount="1"/>
        <line num="8" count="0" type="stmt"/>
        <line num="9" count="0" type="stmt"/>
        <line num="12" count="0" type="cond" truecount="0" falsecount="1"/>
        <line num="13" count="0" type="stmt"/>
        <line num="16" count="0" type="stmt"/>
        <line num="18" count="0" type="cond" truecount="0" falsecount="1"/>
        <line num="19" count="0" type="stmt"/>
        <line num="22" count="0" type="stmt"/>
      </file>
      <file name="baseApi.js" path="C:/dev/storycat/src/api/baseApi.js">
        <metrics statements="1" coveredstatements="1" conditionals="0" coveredconditionals="0" methods="0" coveredmethods="0"/>
        <line num="1" count="16" type="stmt"/>
      </file>
      <file name="novelsApi.js" path="C:/dev/storycat/src/api/novelsApi.js">
        <metrics statements="10" coveredstatements="2" conditionals="2" coveredconditionals="0" methods="2" coveredmethods="0"/>
        <line num="3" count="11" type="stmt"/>
        <line num="4" count="0" type="stmt"/>
        <line num="6" count="0" type="cond" truecount="0" falsecount="1"/>
        <line num="7" count="0" type="stmt"/>
        <line num="10" count="0" type="stmt"/>
        <line num="13" count="11" type="stmt"/>
        <line num="14" count="0" type="stmt"/>
        <line num="16" count="0" type="cond" truecount="0" falsecount="1"/>
        <line num="17" count="0" type="stmt"/>
        <line num="20" count="0" type="stmt"/>
      </file>
    </package>
    <package name="components.mainPage">
      <metrics statements="15" coveredstatements="15" conditionals="0" coveredconditionals="0" methods="7" coveredmethods="7"/>
      <file name="CurrentlyReading.jsx" path="C:/dev/storycat/src/components/mainPage/CurrentlyReading.jsx">
        <metrics statements="11" coveredstatements="11" conditionals="0" coveredconditionals="0" methods="5" coveredmethods="5"/>
        <line num="4" count="5" type="stmt"/>
        <line num="5" count="200" type="stmt"/>
        <line num="6" count="12" type="stmt"/>
        <line num="9" count="5" type="stmt"/>
        <line num="10" count="4" type="stmt"/>
        <line num="11" count="4" type="stmt"/>
        <line num="12" count="4" type="stmt"/>
        <line num="14" count="4" type="stmt"/>
        <line num="27" count="5" type="stmt"/>
        <line num="28" count="12" type="stmt"/>
        <line num="32" count="36" type="stmt"/>
      </file>
      <file name="NovelRow.jsx" path="C:/dev/storycat/src/components/mainPage/NovelRow.jsx">
        <metrics statements="4" coveredstatements="4" conditionals="0" coveredconditionals="0" methods="2" coveredmethods="2"/>
        <line num="4" count="5" type="stmt"/>
        <line num="5" count="4" type="stmt"/>
        <line num="7" count="4" type="stmt"/>
        <line num="11" count="32" type="stmt"/>
      </file>
    </package>
    <package name="hooks">
      <metrics statements="40" coveredstatements="7" conditionals="0" coveredconditionals="0" methods="8" coveredmethods="1"/>
      <file name="useAuth.js" path="C:/dev/storycat/src/hooks/useAuth.js">
        <metrics statements="14" coveredstatements="5" conditionals="0" coveredconditionals="0" methods="2" coveredmethods="1"/>
        <line num="4" count="5" type="stmt"/>
        <line num="5" count="89" type="stmt"/>
        <line num="6" count="89" type="stmt"/>
        <line num="8" count="89" type="stmt"/>
        <line num="9" count="0" type="stmt"/>
        <line num="10" count="0" type="stmt"/>
        <line num="11" count="0" type="stmt"/>
        <line num="13" count="0" type="stmt"/>
        <line num="15" count="0" type="stmt"/>
        <line num="17" count="0" type="stmt"/>
        <line num="19" count="0" type="stmt"/>
        <line num="20" count="0" type="stmt"/>
        <line num="22" count="0" type="stmt"/>
        <line num="26" count="89" type="stmt"/>
      </file>
      <file name="useNovel.js" path="C:/dev/storycat/src/hooks/useNovel.js">
        <metrics statements="13" coveredstatements="1" conditionals="0" coveredconditionals="0" methods="3" coveredmethods="0"/>
        <line num="4" count="4" type="stmt"/>
        <line num="5" count="0" type="stmt"/>
        <line num="6" count="0" type="stmt"/>
        <line num="7" count="0" type="stmt"/>
        <line num="9" count="0" type="stmt"/>
        <line num="10" count="0" type="stmt"/>
        <line num="11" count="0" type="stmt"/>
        <line num="12" count="0" type="stmt"/>
        <line num="13" count="0" type="stmt"/>
        <line num="15" count="0" type="stmt"/>
        <line num="17" count="0" type="stmt"/>
        <line num="21" count="0" type="stmt"/>
        <line num="24" count="0" type="stmt"/>
      </file>
      <file name="useNovels.js" path="C:/dev/storycat/src/hooks/useNovels.js">
        <metrics statements="13" coveredstatements="1" conditionals="0" coveredconditionals="0" methods="3" coveredmethods="0"/>
        <line num="4" count="7" type="stmt"/>
        <line num="5" count="0" type="stmt"/>
        <line num="6" count="0" type="stmt"/>
        <line num="7" count="0" type="stmt"/>
        <line num="9" count="0" type="stmt"/>
        <line num="10" count="0" type="stmt"/>
        <line num="11" count="0" type="stmt"/>
        <line num="12" count="0" type="stmt"/>
        <line num="13" count="0" type="stmt"/>
        <line num="15" count="0" type="stmt"/>
        <line num="17" count="0" type="stmt"/>
        <line num="21" count="0" type="stmt"/>
        <line num="24" count="0" type="stmt"/>
      </file>
    </package>
    <package name="layout">
      <metrics statements="2" coveredstatements="2" conditionals="0" coveredconditionals="0" methods="1" coveredmethods="1"/>
      <file name="Header.jsx" path="C:/dev/storycat/src/layout/Header.jsx">
        <metrics statements="2" coveredstatements="2" conditionals="0" coveredconditionals="0" methods="1" coveredmethods="1"/>
        <line num="8" count="4" type="stmt"/>
        <line num="9" count="9" type="stmt"/>
      </file>
    </package>
    <package name="pages">
      <metrics statements="32" coveredstatements="28" conditionals="17" coveredconditionals="13" methods="8" coveredmethods="7"/>
      <file name="CatalogPage.jsx" path="C:/dev/storycat/src/pages/CatalogPage.jsx">
        <metrics statements="6" coveredstatements="6" conditionals="3" coveredconditionals="2" methods="2" coveredmethods="2"/>
        <line num="5" count="4" type="stmt"/>
        <line num="6" count="9" type="cond" truecount="1" falsecount="1"/>
        <line num="7" count="9" type="stmt"/>
        <line num="9" count="9" type="cond" truecount="1" falsecount="0"/>
        <line num="11" count="5" type="stmt"/>
        <line num="22" count="6" type="stmt"/>
      </file>
      <file name="LoginPage.jsx" path="C:/dev/storycat/src/pages/LoginPage.jsx">
        <metrics statements="14" coveredstatements="10" conditionals="6" coveredconditionals="6" methods="4" coveredmethods="3"/>
        <line num="6" count="5" type="stmt"/>
        <line num="7" count="94" type="cond" truecount="2" falsecount="0"/>
        <line num="8" count="94" type="stmt"/>
        <line num="10" count="94" type="stmt"/>
        <line num="11" count="94" type="stmt"/>
        <line num="13" count="94" type="stmt"/>
        <line num="15" count="94" type="stmt"/>
        <line num="16" count="0" type="stmt"/>
        <line num="18" count="0" type="stmt"/>
        <line num="19" count="0" type="stmt"/>
        <line num="20" count="0" type="stmt"/>
        <line num="26" count="94" type="stmt"/>
        <line num="37" count="56" type="stmt"/>
        <line num="45" count="24" type="stmt"/>
      </file>
      <file name="MainPage.jsx" path="C:/dev/storycat/src/pages/MainPage.jsx">
        <metrics statements="5" coveredstatements="5" conditionals="3" coveredconditionals="2" methods="1" coveredmethods="1"/>
        <line num="5" count="3" type="stmt"/>
        <line num="6" count="5" type="cond" truecount="1" falsecount="1"/>
        <line num="7" count="5" type="stmt"/>
        <line num="9" count="5" type="cond" truecount="1" falsecount="0"/>
        <line num="11" count="2" type="stmt"/>
      </file>
      <file name="NovelPage.jsx" path="C:/dev/storycat/src/pages/NovelPage.jsx">
        <metrics statements="7" coveredstatements="7" conditionals="5" coveredconditionals="3" methods="1" coveredmethods="1"/>
        <line num="5" count="4" type="stmt"/>
        <line num="6" count="9" type="stmt"/>
        <line num="7" count="9" type="cond" truecount="1" falsecount="1"/>
        <line num="9" count="9" type="cond" truecount="1" falsecount="0"/>
        <line num="10" count="5" type="cond" truecount="1" falsecount="0"/>
        <line num="11" count="2" type="cond" truecount="0" falsecount="1"/>
        <line num="13" count="2" type="stmt"/>
      </file>
    </package>
  </project>
</coverage>
