{"C:/dev/storycat/src/App.jsx": {"path":"C:/dev/storycat/src/App.jsx","statementMap":{"0":{"start":{"line":10,"column":2},"end":{"line":28,"column":null}},"1":{"start":{"line":30,"column":1},"end":{"line":9,"column":15}},"2":{"start":{"line":32,"column":18},"end":{"line":32,"column":null}}},"fnMap":{"0":{"name":"App","decl":{"start":{"line":9,"column":9},"end":{"line":9,"column":15}},"loc":{"start":{"line":9,"column":15},"end":{"line":30,"column":1}}}},"branchMap":{},"s":{"0":14,"1":7,"2":7},"f":{"0":14},"b":{}}
,"C:/dev/storycat/src/main.jsx": {"path":"C:/dev/storycat/src/main.jsx","statementMap":{"0":{"start":{"line":6,"column":0},"end":{"line":10,"column":null}}},"fnMap":{},"branchMap":{},"s":{"0":7},"f":{},"b":{}}
,"C:/dev/storycat/src/api/authApi.js": {"path":"C:/dev/storycat/src/api/authApi.js","statementMap":{"0":{"start":{"line":3,"column":25},"end":{"line":23,"column":1}},"1":{"start":{"line":4,"column":17},"end":{"line":4,"column":64}},"2":{"start":{"line":5,"column":14},"end":{"line":5,"column":35}},"3":{"start":{"line":7,"column":2},"end":{"line":10,"column":3}},"4":{"start":{"line":8,"column":4},"end":{"line":8,"column":65}},"5":{"start":{"line":9,"column":4},"end":{"line":9,"column":33}},"6":{"start":{"line":12,"column":2},"end":{"line":14,"column":3}},"7":{"start":{"line":13,"column":4},"end":{"line":13,"column":46}},"8":{"start":{"line":16,"column":15},"end":{"line":16,"column":23}},"9":{"start":{"line":18,"column":2},"end":{"line":20,"column":3}},"10":{"start":{"line":19,"column":4},"end":{"line":19,"column":38}},"11":{"start":{"line":22,"column":2},"end":{"line":22,"column":13}}},"fnMap":{"0":{"name":"(anonymous_0)","decl":{"start":{"line":3,"column":25},"end":{"line":3,"column":30}},"loc":{"start":{"line":3,"column":52},"end":{"line":23,"column":1}}}},"branchMap":{"0":{"loc":{"start":{"line":7,"column":2},"end":{"line":10,"column":3}},"type":"if","locations":[{"start":{"line":7,"column":2},"end":{"line":10,"column":3}}]},"1":{"loc":{"start":{"line":12,"column":2},"end":{"line":14,"column":3}},"type":"if","locations":[{"start":{"line":12,"column":2},"end":{"line":14,"column":3}}]},"2":{"loc":{"start":{"line":18,"column":2},"end":{"line":20,"column":3}},"type":"if","locations":[{"start":{"line":18,"column":2},"end":{"line":20,"column":3}}]}},"s":{"0":7,"1":6,"2":6,"3":6,"4":0,"5":0,"6":6,"7":0,"8":6,"9":6,"10":1,"11":5},"f":{"0":6},"b":{"0":[0],"1":[0],"2":[1]}}
,"C:/dev/storycat/src/api/baseApi.js": {"path":"C:/dev/storycat/src/api/baseApi.js","statementMap":{"0":{"start":{"line":1,"column":17},"end":{"line":1,"column":66}}},"fnMap":{},"branchMap":{},"s":{"0":7},"f":{},"b":{}}
,"C:/dev/storycat/src/api/novelsApi.js": {"path":"C:/dev/storycat/src/api/novelsApi.js","statementMap":{"0":{"start":{"line":3,"column":25},"end":{"line":11,"column":1}},"1":{"start":{"line":4,"column":19},"end":{"line":4,"column":52}},"2":{"start":{"line":6,"column":2},"end":{"line":8,"column":3}},"3":{"start":{"line":7,"column":4},"end":{"line":7,"column":45}},"4":{"start":{"line":10,"column":2},"end":{"line":10,"column":30}},"5":{"start":{"line":13,"column":28},"end":{"line":21,"column":1}},"6":{"start":{"line":14,"column":19},"end":{"line":14,"column":58}},"7":{"start":{"line":16,"column":2},"end":{"line":18,"column":3}},"8":{"start":{"line":17,"column":4},"end":{"line":17,"column":38}},"9":{"start":{"line":20,"column":2},"end":{"line":20,"column":30}}},"fnMap":{"0":{"name":"(anonymous_0)","decl":{"start":{"line":3,"column":25},"end":{"line":3,"column":30}},"loc":{"start":{"line":3,"column":37},"end":{"line":11,"column":1}}},"1":{"name":"(anonymous_1)","decl":{"start":{"line":13,"column":28},"end":{"line":13,"column":33}},"loc":{"start":{"line":13,"column":42},"end":{"line":21,"column":1}}}},"branchMap":{"0":{"loc":{"start":{"line":6,"column":2},"end":{"line":8,"column":3}},"type":"if","locations":[{"start":{"line":6,"column":2},"end":{"line":8,"column":3}}]},"1":{"loc":{"start":{"line":16,"column":2},"end":{"line":18,"column":3}},"type":"if","locations":[{"start":{"line":16,"column":2},"end":{"line":18,"column":3}}]}},"s":{"0":7,"1":24,"2":12,"3":0,"4":12,"5":7,"6":6,"7":4,"8":0,"9":4},"f":{"0":24,"1":6},"b":{"0":[0],"1":[0]}}
,"C:/dev/storycat/src/components/ProtectedRoute.jsx": {"path":"C:/dev/storycat/src/components/ProtectedRoute.jsx","statementMap":{"0":{"start":{"line":4,"column":23},"end":{"line":10,"column":1}},"1":{"start":{"line":5,"column":2},"end":{"line":7,"column":null}},"2":{"start":{"line":6,"column":4},"end":{"line":6,"column":null}},"3":{"start":{"line":9,"column":2},"end":{"line":9,"column":null}},"4":{"start":{"line":10,"column":1},"end":{"line":4,"column":23}},"5":{"start":{"line":12,"column":29},"end":{"line":12,"column":null}}},"fnMap":{"0":{"name":"(anonymous_0)","decl":{"start":{"line":4,"column":23},"end":{"line":4,"column":24}},"loc":{"start":{"line":4,"column":41},"end":{"line":10,"column":1}}}},"branchMap":{"0":{"loc":{"start":{"line":5,"column":2},"end":{"line":7,"column":null}},"type":"if","locations":[{"start":{"line":5,"column":2},"end":{"line":7,"column":null}}]}},"s":{"0":7,"1":12,"2":0,"3":12,"4":7,"5":7},"f":{"0":12},"b":{"0":[0]}}
,"C:/dev/storycat/src/components/mainPage/CurrentlyReading.jsx": {"path":"C:/dev/storycat/src/components/mainPage/CurrentlyReading.jsx","statementMap":{"0":{"start":{"line":4,"column":24},"end":{"line":7,"column":null}},"1":{"start":{"line":5,"column":19},"end":{"line":5,"column":null}},"2":{"start":{"line":5,"column":42},"end":{"line":5,"column":61}},"3":{"start":{"line":6,"column":2},"end":{"line":6,"column":null}},"4":{"start":{"line":9,"column":25},"end":{"line":25,"column":1}},"5":{"start":{"line":10,"column":16},"end":{"line":10,"column":null}},"6":{"start":{"line":11,"column":17},"end":{"line":11,"column":null}},"7":{"start":{"line":12,"column":16},"end":{"line":12,"column":null}},"8":{"start":{"line":14,"column":2},"end":{"line":23,"column":null}},"9":{"start":{"line":25,"column":1},"end":{"line":9,"column":25}},"10":{"start":{"line":27,"column":15},"end":{"line":40,"column":null}},"11":{"start":{"line":28,"column":2},"end":{"line":40,"column":null}},"12":{"start":{"line":32,"column":6},"end":{"line":38,"column":null}},"13":{"start":{"line":41,"column":1},"end":{"line":27,"column":15}},"14":{"start":{"line":43,"column":31},"end":{"line":43,"column":null}}},"fnMap":{"0":{"name":"(anonymous_0)","decl":{"start":{"line":4,"column":24},"end":{"line":4,"column":25}},"loc":{"start":{"line":4,"column":43},"end":{"line":7,"column":null}}},"1":{"name":"(anonymous_1)","decl":{"start":{"line":5,"column":36},"end":{"line":5,"column":42}},"loc":{"start":{"line":5,"column":42},"end":{"line":5,"column":61}}},"2":{"name":"(anonymous_2)","decl":{"start":{"line":9,"column":25},"end":{"line":9,"column":26}},"loc":{"start":{"line":9,"column":41},"end":{"line":25,"column":1}}},"3":{"name":"(anonymous_3)","decl":{"start":{"line":27,"column":15},"end":{"line":27,"column":16}},"loc":{"start":{"line":28,"column":2},"end":{"line":40,"column":null}}},"4":{"name":"(anonymous_4)","decl":{"start":{"line":31,"column":15},"end":{"line":31,"column":16}},"loc":{"start":{"line":32,"column":6},"end":{"line":38,"column":null}}}},"branchMap":{},"s":{"0":7,"1":0,"2":0,"3":0,"4":7,"5":0,"6":0,"7":0,"8":0,"9":7,"10":7,"11":0,"12":0,"13":7,"14":14},"f":{"0":0,"1":0,"2":0,"3":0,"4":0},"b":{}}
,"C:/dev/storycat/src/components/mainPage/NovelRow.jsx": {"path":"C:/dev/storycat/src/components/mainPage/NovelRow.jsx","statementMap":{"0":{"start":{"line":4,"column":17},"end":{"line":19,"column":1}},"1":{"start":{"line":5,"column":24},"end":{"line":5,"column":null}},"2":{"start":{"line":7,"column":2},"end":{"line":17,"column":null}},"3":{"start":{"line":11,"column":10},"end":{"line":14,"column":null}},"4":{"start":{"line":19,"column":1},"end":{"line":4,"column":17}},"5":{"start":{"line":21,"column":23},"end":{"line":21,"column":null}}},"fnMap":{"0":{"name":"(anonymous_0)","decl":{"start":{"line":4,"column":17},"end":{"line":4,"column":18}},"loc":{"start":{"line":4,"column":33},"end":{"line":19,"column":1}}},"1":{"name":"(anonymous_1)","decl":{"start":{"line":10,"column":27},"end":{"line":10,"column":28}},"loc":{"start":{"line":11,"column":10},"end":{"line":14,"column":null}}}},"branchMap":{},"s":{"0":7,"1":0,"2":0,"3":0,"4":7,"5":7},"f":{"0":0,"1":0},"b":{}}
,"C:/dev/storycat/src/hooks/useAuth.js": {"path":"C:/dev/storycat/src/hooks/useAuth.js","statementMap":{"0":{"start":{"line":4,"column":16},"end":{"line":27,"column":1}},"1":{"start":{"line":5,"column":32},"end":{"line":5,"column":47}},"2":{"start":{"line":6,"column":28},"end":{"line":6,"column":42}},"3":{"start":{"line":8,"column":16},"end":{"line":24,"column":3}},"4":{"start":{"line":9,"column":4},"end":{"line":23,"column":5}},"5":{"start":{"line":10,"column":6},"end":{"line":10,"column":22}},"6":{"start":{"line":11,"column":6},"end":{"line":11,"column":20}},"7":{"start":{"line":13,"column":19},"end":{"line":13,"column":51}},"8":{"start":{"line":15,"column":6},"end":{"line":15,"column":56}},"9":{"start":{"line":17,"column":6},"end":{"line":17,"column":17}},"10":{"start":{"line":19,"column":6},"end":{"line":19,"column":27}},"11":{"start":{"line":20,"column":6},"end":{"line":20,"column":15}},"12":{"start":{"line":22,"column":6},"end":{"line":22,"column":23}},"13":{"start":{"line":26,"column":2},"end":{"line":26,"column":34}}},"fnMap":{"0":{"name":"(anonymous_0)","decl":{"start":{"line":4,"column":16},"end":{"line":4,"column":17}},"loc":{"start":{"line":4,"column":22},"end":{"line":27,"column":1}}},"1":{"name":"(anonymous_1)","decl":{"start":{"line":8,"column":16},"end":{"line":8,"column":21}},"loc":{"start":{"line":8,"column":43},"end":{"line":24,"column":3}}}},"branchMap":{},"s":{"0":7,"1":522,"2":522,"3":522,"4":6,"5":6,"6":6,"7":6,"8":5,"9":5,"10":1,"11":1,"12":6,"13":522},"f":{"0":522,"1":6},"b":{}}
,"C:/dev/storycat/src/hooks/useNovel.js": {"path":"C:/dev/storycat/src/hooks/useNovel.js","statementMap":{"0":{"start":{"line":4,"column":17},"end":{"line":25,"column":1}},"1":{"start":{"line":5,"column":28},"end":{"line":5,"column":42}},"2":{"start":{"line":6,"column":32},"end":{"line":6,"column":46}},"3":{"start":{"line":7,"column":28},"end":{"line":7,"column":42}},"4":{"start":{"line":9,"column":2},"end":{"line":22,"column":10}},"5":{"start":{"line":10,"column":17},"end":{"line":19,"column":5}},"6":{"start":{"line":11,"column":6},"end":{"line":18,"column":7}},"7":{"start":{"line":12,"column":21},"end":{"line":12,"column":43}},"8":{"start":{"line":13,"column":8},"end":{"line":13,"column":22}},"9":{"start":{"line":15,"column":8},"end":{"line":15,"column":29}},"10":{"start":{"line":17,"column":8},"end":{"line":17,"column":25}},"11":{"start":{"line":21,"column":4},"end":{"line":21,"column":10}},"12":{"start":{"line":24,"column":2},"end":{"line":24,"column":34}}},"fnMap":{"0":{"name":"(anonymous_0)","decl":{"start":{"line":4,"column":17},"end":{"line":4,"column":18}},"loc":{"start":{"line":4,"column":25},"end":{"line":25,"column":1}}},"1":{"name":"(anonymous_1)","decl":{"start":{"line":9,"column":12},"end":{"line":9,"column":13}},"loc":{"start":{"line":9,"column":18},"end":{"line":22,"column":3}}},"2":{"name":"(anonymous_2)","decl":{"start":{"line":10,"column":17},"end":{"line":10,"column":22}},"loc":{"start":{"line":10,"column":29},"end":{"line":19,"column":5}}}},"branchMap":{},"s":{"0":7,"1":12,"2":12,"3":12,"4":12,"5":6,"6":6,"7":6,"8":4,"9":0,"10":4,"11":6,"12":12},"f":{"0":12,"1":6,"2":6},"b":{}}
,"C:/dev/storycat/src/hooks/useNovels.js": {"path":"C:/dev/storycat/src/hooks/useNovels.js","statementMap":{"0":{"start":{"line":4,"column":18},"end":{"line":25,"column":1}},"1":{"start":{"line":5,"column":30},"end":{"line":5,"column":42}},"2":{"start":{"line":6,"column":32},"end":{"line":6,"column":46}},"3":{"start":{"line":7,"column":28},"end":{"line":7,"column":42}},"4":{"start":{"line":9,"column":2},"end":{"line":22,"column":8}},"5":{"start":{"line":10,"column":17},"end":{"line":19,"column":5}},"6":{"start":{"line":11,"column":6},"end":{"line":18,"column":7}},"7":{"start":{"line":12,"column":21},"end":{"line":12,"column":38}},"8":{"start":{"line":13,"column":8},"end":{"line":13,"column":23}},"9":{"start":{"line":15,"column":8},"end":{"line":15,"column":21}},"10":{"start":{"line":17,"column":8},"end":{"line":17,"column":25}},"11":{"start":{"line":21,"column":4},"end":{"line":21,"column":10}},"12":{"start":{"line":24,"column":2},"end":{"line":24,"column":35}}},"fnMap":{"0":{"name":"(anonymous_0)","decl":{"start":{"line":4,"column":18},"end":{"line":4,"column":19}},"loc":{"start":{"line":4,"column":24},"end":{"line":25,"column":1}}},"1":{"name":"(anonymous_1)","decl":{"start":{"line":9,"column":12},"end":{"line":9,"column":13}},"loc":{"start":{"line":9,"column":18},"end":{"line":22,"column":3}}},"2":{"name":"(anonymous_2)","decl":{"start":{"line":10,"column":17},"end":{"line":10,"column":22}},"loc":{"start":{"line":10,"column":29},"end":{"line":19,"column":5}}}},"branchMap":{},"s":{"0":7,"1":30,"2":30,"3":30,"4":30,"5":24,"6":24,"7":24,"8":12,"9":2,"10":14,"11":24,"12":30},"f":{"0":30,"1":24,"2":24},"b":{}}
,"C:/dev/storycat/src/layout/Header.jsx": {"path":"C:/dev/storycat/src/layout/Header.jsx","statementMap":{"0":{"start":{"line":8,"column":15},"end":{"line":28,"column":1}},"1":{"start":{"line":9,"column":2},"end":{"line":26,"column":null}},"2":{"start":{"line":28,"column":1},"end":{"line":8,"column":15}},"3":{"start":{"line":30,"column":21},"end":{"line":30,"column":null}}},"fnMap":{"0":{"name":"(anonymous_0)","decl":{"start":{"line":8,"column":15},"end":{"line":8,"column":21}},"loc":{"start":{"line":8,"column":21},"end":{"line":28,"column":1}}}},"branchMap":{},"s":{"0":7,"1":12,"2":7,"3":7},"f":{"0":12},"b":{}}
,"C:/dev/storycat/src/layout/Layout.jsx": {"path":"C:/dev/storycat/src/layout/Layout.jsx","statementMap":{"0":{"start":{"line":4,"column":15},"end":{"line":13,"column":1}},"1":{"start":{"line":5,"column":2},"end":{"line":11,"column":null}},"2":{"start":{"line":13,"column":1},"end":{"line":4,"column":15}},"3":{"start":{"line":15,"column":21},"end":{"line":15,"column":null}}},"fnMap":{"0":{"name":"(anonymous_0)","decl":{"start":{"line":4,"column":15},"end":{"line":4,"column":21}},"loc":{"start":{"line":4,"column":21},"end":{"line":13,"column":1}}}},"branchMap":{},"s":{"0":7,"1":12,"2":7,"3":7},"f":{"0":12},"b":{}}
,"C:/dev/storycat/src/pages/CatalogPage.jsx": {"path":"C:/dev/storycat/src/pages/CatalogPage.jsx","statementMap":{"0":{"start":{"line":5,"column":20},"end":{"line":30,"column":1}},"1":{"start":{"line":5,"column":44},"end":{"line":5,"column":null}},"2":{"start":{"line":6,"column":15},"end":{"line":6,"column":null}},"3":{"start":{"line":7,"column":30},"end":{"line":7,"column":null}},"4":{"start":{"line":9,"column":2},"end":{"line":9,"column":null}},"5":{"start":{"line":9,"column":15},"end":{"line":9,"column":null}},"6":{"start":{"line":11,"column":2},"end":{"line":28,"column":null}},"7":{"start":{"line":22,"column":10},"end":{"line":25,"column":null}},"8":{"start":{"line":30,"column":1},"end":{"line":6,"column":43}},"9":{"start":{"line":5,"column":17},"end":{"line":6,"column":43}},"10":{"start":{"line":6,"column":42},"end":{"line":5,"column":17}},"11":{"start":{"line":32,"column":26},"end":{"line":32,"column":null}}},"fnMap":{"0":{"name":"(anonymous_0)","decl":{"start":{"line":5,"column":20},"end":{"line":5,"column":21}},"loc":{"start":{"line":5,"column":44},"end":{"line":30,"column":1}}},"1":{"name":"(anonymous_1)","decl":{"start":{"line":21,"column":20},"end":{"line":21,"column":21}},"loc":{"start":{"line":22,"column":10},"end":{"line":25,"column":null}}},"2":{"name":"(anonymous_2)","decl":{"start":{"line":5,"column":17},"end":{"line":5,"column":20}},"loc":{"start":{"line":5,"column":17},"end":{"line":6,"column":43}}}},"branchMap":{"0":{"loc":{"start":{"line":6,"column":15},"end":{"line":6,"column":null}},"type":"binary-expr","locations":[{"start":{"line":6,"column":15},"end":{"line":6,"column":33}},{"start":{"line":6,"column":33},"end":{"line":6,"column":null}}]},"1":{"loc":{"start":{"line":9,"column":2},"end":{"line":9,"column":null}},"type":"if","locations":[{"start":{"line":9,"column":2},"end":{"line":9,"column":null}}]}},"s":{"0":7,"1":12,"2":12,"3":12,"4":12,"5":6,"6":6,"7":48,"8":7,"9":3,"10":7,"11":7},"f":{"0":12,"1":48,"2":3},"b":{"0":[12,12],"1":[6]}}
,"C:/dev/storycat/src/pages/LoginPage.jsx": {"path":"C:/dev/storycat/src/pages/LoginPage.jsx","statementMap":{"0":{"start":{"line":6,"column":18},"end":{"line":57,"column":1}},"1":{"start":{"line":6,"column":40},"end":{"line":6,"column":null}},"2":{"start":{"line":7,"column":15},"end":{"line":7,"column":null}},"3":{"start":{"line":8,"column":36},"end":{"line":8,"column":null}},"4":{"start":{"line":10,"column":28},"end":{"line":10,"column":null}},"5":{"start":{"line":11,"column":34},"end":{"line":11,"column":null}},"6":{"start":{"line":13,"column":19},"end":{"line":13,"column":null}},"7":{"start":{"line":15,"column":23},"end":{"line":24,"column":null}},"8":{"start":{"line":16,"column":4},"end":{"line":16,"column":null}},"9":{"start":{"line":18,"column":4},"end":{"line":22,"column":null}},"10":{"start":{"line":19,"column":6},"end":{"line":19,"column":null}},"11":{"start":{"line":20,"column":6},"end":{"line":20,"column":null}},"12":{"start":{"line":26,"column":2},"end":{"line":55,"column":null}},"13":{"start":{"line":37,"column":29},"end":{"line":37,"column":54}},"14":{"start":{"line":45,"column":29},"end":{"line":45,"column":57}},"15":{"start":{"line":57,"column":1},"end":{"line":13,"column":31}},"16":{"start":{"line":6,"column":15},"end":{"line":13,"column":31}},"17":{"start":{"line":13,"column":30},"end":{"line":6,"column":15}},"18":{"start":{"line":59,"column":24},"end":{"line":59,"column":null}}},"fnMap":{"0":{"name":"(anonymous_0)","decl":{"start":{"line":6,"column":18},"end":{"line":6,"column":19}},"loc":{"start":{"line":6,"column":40},"end":{"line":57,"column":1}}},"1":{"name":"(anonymous_1)","decl":{"start":{"line":15,"column":23},"end":{"line":15,"column":30}},"loc":{"start":{"line":15,"column":36},"end":{"line":24,"column":null}}},"2":{"name":"(anonymous_2)","decl":{"start":{"line":37,"column":22},"end":{"line":37,"column":23}},"loc":{"start":{"line":37,"column":29},"end":{"line":37,"column":54}}},"3":{"name":"(anonymous_3)","decl":{"start":{"line":45,"column":22},"end":{"line":45,"column":23}},"loc":{"start":{"line":45,"column":29},"end":{"line":45,"column":57}}},"4":{"name":"(anonymous_4)","decl":{"start":{"line":6,"column":15},"end":{"line":6,"column":18}},"loc":{"start":{"line":6,"column":15},"end":{"line":13,"column":31}}}},"branchMap":{"0":{"loc":{"start":{"line":7,"column":15},"end":{"line":7,"column":null}},"type":"binary-expr","locations":[{"start":{"line":7,"column":15},"end":{"line":7,"column":31}},{"start":{"line":7,"column":31},"end":{"line":7,"column":null}}]},"1":{"loc":{"start":{"line":48,"column":11},"end":{"line":48,"column":null}},"type":"binary-expr","locations":[{"start":{"line":48,"column":11},"end":{"line":48,"column":20}},{"start":{"line":48,"column":20},"end":{"line":48,"column":null}}]},"2":{"loc":{"start":{"line":51,"column":13},"end":{"line":51,"column":null}},"type":"cond-expr","locations":[{"start":{"line":51,"column":23},"end":{"line":51,"column":43}},{"start":{"line":51,"column":43},"end":{"line":51,"column":null}}]}},"s":{"0":7,"1":522,"2":522,"3":522,"4":522,"5":522,"6":522,"7":522,"8":6,"9":6,"10":6,"11":5,"12":522,"13":155,"14":88,"15":7,"16":6,"17":7,"18":7},"f":{"0":522,"1":6,"2":155,"3":88,"4":6},"b":{"0":[522,522],"1":[522,2],"2":[12,510]}}
,"C:/dev/storycat/src/pages/MainPage.jsx": {"path":"C:/dev/storycat/src/pages/MainPage.jsx","statementMap":{"0":{"start":{"line":5,"column":17},"end":{"line":17,"column":1}},"1":{"start":{"line":5,"column":41},"end":{"line":5,"column":null}},"2":{"start":{"line":6,"column":15},"end":{"line":6,"column":null}},"3":{"start":{"line":7,"column":30},"end":{"line":7,"column":null}},"4":{"start":{"line":9,"column":2},"end":{"line":9,"column":null}},"5":{"start":{"line":9,"column":15},"end":{"line":9,"column":null}},"6":{"start":{"line":11,"column":2},"end":{"line":15,"column":null}},"7":{"start":{"line":17,"column":1},"end":{"line":6,"column":43}},"8":{"start":{"line":5,"column":14},"end":{"line":6,"column":43}},"9":{"start":{"line":6,"column":42},"end":{"line":5,"column":14}},"10":{"start":{"line":19,"column":23},"end":{"line":19,"column":null}}},"fnMap":{"0":{"name":"(anonymous_0)","decl":{"start":{"line":5,"column":17},"end":{"line":5,"column":18}},"loc":{"start":{"line":5,"column":41},"end":{"line":17,"column":1}}},"1":{"name":"(anonymous_1)","decl":{"start":{"line":5,"column":14},"end":{"line":5,"column":17}},"loc":{"start":{"line":5,"column":14},"end":{"line":6,"column":43}}}},"branchMap":{"0":{"loc":{"start":{"line":6,"column":15},"end":{"line":6,"column":null}},"type":"binary-expr","locations":[{"start":{"line":6,"column":15},"end":{"line":6,"column":33}},{"start":{"line":6,"column":33},"end":{"line":6,"column":null}}]},"1":{"loc":{"start":{"line":9,"column":2},"end":{"line":9,"column":null}},"type":"if","locations":[{"start":{"line":9,"column":2},"end":{"line":9,"column":null}}]}},"s":{"0":7,"1":18,"2":18,"3":18,"4":18,"5":18,"6":0,"7":7,"8":6,"9":7,"10":7},"f":{"0":18,"1":6},"b":{"0":[18,18],"1":[18]}}
,"C:/dev/storycat/src/pages/NovelPage.jsx": {"path":"C:/dev/storycat/src/pages/NovelPage.jsx","statementMap":{"0":{"start":{"line":5,"column":18},"end":{"line":46,"column":1}},"1":{"start":{"line":5,"column":41},"end":{"line":5,"column":null}},"2":{"start":{"line":6,"column":17},"end":{"line":6,"column":null}},"3":{"start":{"line":7,"column":36},"end":{"line":7,"column":null}},"4":{"start":{"line":9,"column":2},"end":{"line":9,"column":null}},"5":{"start":{"line":9,"column":15},"end":{"line":9,"column":null}},"6":{"start":{"line":10,"column":2},"end":{"line":10,"column":null}},"7":{"start":{"line":10,"column":13},"end":{"line":10,"column":null}},"8":{"start":{"line":11,"column":2},"end":{"line":11,"column":null}},"9":{"start":{"line":11,"column":14},"end":{"line":11,"column":null}},"10":{"start":{"line":13,"column":2},"end":{"line":44,"column":null}},"11":{"start":{"line":46,"column":1},"end":{"line":7,"column":62}},"12":{"start":{"line":5,"column":15},"end":{"line":7,"column":62}},"13":{"start":{"line":7,"column":61},"end":{"line":5,"column":15}},"14":{"start":{"line":48,"column":24},"end":{"line":48,"column":null}}},"fnMap":{"0":{"name":"(anonymous_0)","decl":{"start":{"line":5,"column":18},"end":{"line":5,"column":19}},"loc":{"start":{"line":5,"column":41},"end":{"line":46,"column":1}}},"1":{"name":"(anonymous_1)","decl":{"start":{"line":5,"column":15},"end":{"line":5,"column":18}},"loc":{"start":{"line":5,"column":15},"end":{"line":7,"column":62}}}},"branchMap":{"0":{"loc":{"start":{"line":7,"column":36},"end":{"line":7,"column":null}},"type":"binary-expr","locations":[{"start":{"line":7,"column":36},"end":{"line":7,"column":53}},{"start":{"line":7,"column":53},"end":{"line":7,"column":null}}]},"1":{"loc":{"start":{"line":9,"column":2},"end":{"line":9,"column":null}},"type":"if","locations":[{"start":{"line":9,"column":2},"end":{"line":9,"column":null}}]},"2":{"loc":{"start":{"line":10,"column":2},"end":{"line":10,"column":null}},"type":"if","locations":[{"start":{"line":10,"column":2},"end":{"line":10,"column":null}}]},"3":{"loc":{"start":{"line":11,"column":2},"end":{"line":11,"column":null}},"type":"if","locations":[{"start":{"line":11,"column":2},"end":{"line":11,"column":null}}]}},"s":{"0":7,"1":12,"2":12,"3":12,"4":12,"5":6,"6":6,"7":0,"8":6,"9":0,"10":6,"11":7,"12":3,"13":7,"14":7},"f":{"0":12,"1":3},"b":{"0":[12,12],"1":[6],"2":[0],"3":[0]}}
,"C:/dev/storycat/src/utils/auth.js": {"path":"C:/dev/storycat/src/utils/auth.js","statementMap":{"0":{"start":{"line":1,"column":30},"end":{"line":3,"column":1}},"1":{"start":{"line":2,"column":2},"end":{"line":2,"column":49}},"2":{"start":{"line":5,"column":31},"end":{"line":7,"column":1}},"3":{"start":{"line":6,"column":2},"end":{"line":6,"column":39}},"4":{"start":{"line":9,"column":22},"end":{"line":11,"column":1}},"5":{"start":{"line":10,"column":2},"end":{"line":10,"column":33}}},"fnMap":{"0":{"name":"(anonymous_0)","decl":{"start":{"line":1,"column":30},"end":{"line":1,"column":31}},"loc":{"start":{"line":1,"column":36},"end":{"line":3,"column":1}}},"1":{"name":"(anonymous_1)","decl":{"start":{"line":5,"column":31},"end":{"line":5,"column":32}},"loc":{"start":{"line":5,"column":37},"end":{"line":7,"column":1}}},"2":{"name":"(anonymous_2)","decl":{"start":{"line":9,"column":22},"end":{"line":9,"column":23}},"loc":{"start":{"line":9,"column":28},"end":{"line":11,"column":1}}}},"branchMap":{},"s":{"0":7,"1":0,"2":7,"3":12,"4":7,"5":0},"f":{"0":0,"1":12,"2":0},"b":{}}
}
