TN:
SF:src\api\authApi.js
FN:3,(anonymous_0)
FNF:1
FNH:0
FNDA:0,(anonymous_0)
DA:3,5
DA:4,0
DA:5,0
DA:7,0
DA:8,0
DA:9,0
DA:12,0
DA:13,0
DA:16,0
DA:18,0
DA:19,0
DA:22,0
LF:12
LH:1
BRDA:7,0,0,0
BRDA:12,1,0,0
BRDA:18,2,0,0
BRF:3
BRH:0
end_of_record
TN:
SF:src\api\baseApi.js
FNF:0
FNH:0
DA:1,16
LF:1
LH:1
BRF:0
BRH:0
end_of_record
TN:
SF:src\api\novelsApi.js
FN:3,(anonymous_0)
FN:13,(anonymous_1)
FNF:2
FNH:0
FNDA:0,(anonymous_0)
FNDA:0,(anonymous_1)
DA:3,11
DA:4,0
DA:6,0
DA:7,0
DA:10,0
DA:13,11
DA:14,0
DA:16,0
DA:17,0
DA:20,0
LF:10
LH:2
BRDA:6,0,0,0
BRDA:16,1,0,0
BRF:2
BRH:0
end_of_record
TN:
SF:src\components\mainPage\CurrentlyReading.jsx
FN:4,(anonymous_0)
FN:5,(anonymous_1)
FN:9,(anonymous_2)
FN:27,(anonymous_3)
FN:31,(anonymous_4)
FNF:5
FNH:5
FNDA:12,(anonymous_0)
FNDA:200,(anonymous_1)
FNDA:4,(anonymous_2)
FNDA:12,(anonymous_3)
FNDA:36,(anonymous_4)
DA:4,5
DA:5,200
DA:6,12
DA:9,5
DA:10,4
DA:11,4
DA:12,4
DA:14,4
DA:27,5
DA:28,12
DA:32,36
LF:11
LH:11
BRF:0
BRH:0
end_of_record
TN:
SF:src\components\mainPage\NovelRow.jsx
FN:4,(anonymous_0)
FN:10,(anonymous_1)
FNF:2
FNH:2
FNDA:4,(anonymous_0)
FNDA:32,(anonymous_1)
DA:4,5
DA:5,4
DA:7,4
DA:11,32
LF:4
LH:4
BRF:0
BRH:0
end_of_record
TN:
SF:src\hooks\useAuth.js
FN:4,(anonymous_0)
FN:8,(anonymous_1)
FNF:2
FNH:1
FNDA:89,(anonymous_0)
FNDA:0,(anonymous_1)
DA:4,5
DA:5,89
DA:6,89
DA:8,89
DA:9,0
DA:10,0
DA:11,0
DA:13,0
DA:15,0
DA:17,0
DA:19,0
DA:20,0
DA:22,0
DA:26,89
LF:14
LH:5
BRF:0
BRH:0
end_of_record
TN:
SF:src\hooks\useNovel.js
FN:4,(anonymous_0)
FN:9,(anonymous_1)
FN:10,(anonymous_2)
FNF:3
FNH:0
FNDA:0,(anonymous_0)
FNDA:0,(anonymous_1)
FNDA:0,(anonymous_2)
DA:4,4
DA:5,0
DA:6,0
DA:7,0
DA:9,0
DA:10,0
DA:11,0
DA:12,0
DA:13,0
DA:15,0
DA:17,0
DA:21,0
DA:24,0
LF:13
LH:1
BRF:0
BRH:0
end_of_record
TN:
SF:src\hooks\useNovels.js
FN:4,(anonymous_0)
FN:9,(anonymous_1)
FN:10,(anonymous_2)
FNF:3
FNH:0
FNDA:0,(anonymous_0)
FNDA:0,(anonymous_1)
FNDA:0,(anonymous_2)
DA:4,7
DA:5,0
DA:6,0
DA:7,0
DA:9,0
DA:10,0
DA:11,0
DA:12,0
DA:13,0
DA:15,0
DA:17,0
DA:21,0
DA:24,0
LF:13
LH:1
BRF:0
BRH:0
end_of_record
TN:
SF:src\layout\Header.jsx
FN:8,(anonymous_0)
FNF:1
FNH:1
FNDA:9,(anonymous_0)
DA:8,4
DA:9,9
LF:2
LH:2
BRF:0
BRH:0
end_of_record
TN:
SF:src\pages\CatalogPage.jsx
FN:5,(anonymous_0)
FN:21,(anonymous_1)
FNF:2
FNH:2
FNDA:9,(anonymous_0)
FNDA:6,(anonymous_1)
DA:5,4
DA:6,9
DA:7,9
DA:9,9
DA:11,5
DA:22,6
LF:6
LH:6
BRDA:6,0,0,9
BRDA:6,0,1,0
BRDA:9,1,0,4
BRF:3
BRH:2
end_of_record
TN:
SF:src\pages\LoginPage.jsx
FN:6,(anonymous_0)
FN:15,(anonymous_1)
FN:37,(anonymous_2)
FN:45,(anonymous_3)
FNF:4
FNH:3
FNDA:94,(anonymous_0)
FNDA:0,(anonymous_1)
FNDA:56,(anonymous_2)
FNDA:24,(anonymous_3)
DA:6,5
DA:7,94
DA:8,94
DA:10,94
DA:11,94
DA:13,94
DA:15,94
DA:16,0
DA:18,0
DA:19,0
DA:20,0
DA:26,94
DA:37,56
DA:45,24
LF:14
LH:10
BRDA:7,0,0,94
BRDA:7,0,1,89
BRDA:48,1,0,94
BRDA:48,1,1,2
BRDA:51,2,0,3
BRDA:51,2,1,91
BRF:6
BRH:6
end_of_record
TN:
SF:src\pages\MainPage.jsx
FN:5,(anonymous_0)
FNF:1
FNH:1
FNDA:5,(anonymous_0)
DA:5,3
DA:6,5
DA:7,5
DA:9,5
DA:11,2
LF:5
LH:5
BRDA:6,0,0,5
BRDA:6,0,1,0
BRDA:9,1,0,3
BRF:3
BRH:2
end_of_record
TN:
SF:src\pages\NovelPage.jsx
FN:5,(anonymous_0)
FNF:1
FNH:1
FNDA:9,(anonymous_0)
DA:5,4
DA:6,9
DA:7,9
DA:9,9
DA:10,5
DA:11,2
DA:13,2
LF:7
LH:7
BRDA:7,0,0,9
BRDA:7,0,1,0
BRDA:9,1,0,4
BRDA:10,2,0,3
BRDA:11,3,0,0
BRF:5
BRH:3
end_of_record
