TN:
SF:src\App.jsx
FN:9,App
FNF:1
FNH:1
FNDA:14,App
DA:10,14
DA:30,7
DA:32,7
LF:3
LH:3
BRF:0
BRH:0
end_of_record
TN:
SF:src\main.jsx
FNF:0
FNH:0
DA:6,7
LF:1
LH:1
BRF:0
BRH:0
end_of_record
TN:
SF:src\api\authApi.js
FN:3,(anonymous_0)
FNF:1
FNH:1
FNDA:6,(anonymous_0)
DA:3,7
DA:4,6
DA:5,6
DA:7,6
DA:8,0
DA:9,0
DA:12,6
DA:13,0
DA:16,6
DA:18,6
DA:19,1
DA:22,5
LF:12
LH:9
BRDA:7,0,0,0
BRDA:12,1,0,0
BRDA:18,2,0,1
BRF:3
BRH:1
end_of_record
TN:
SF:src\api\baseApi.js
FNF:0
FNH:0
DA:1,7
LF:1
LH:1
BRF:0
BRH:0
end_of_record
TN:
SF:src\api\novelsApi.js
FN:3,(anonymous_0)
FN:13,(anonymous_1)
FNF:2
FNH:2
FNDA:24,(anonymous_0)
FNDA:6,(anonymous_1)
DA:3,7
DA:4,24
DA:6,12
DA:7,0
DA:10,12
DA:13,7
DA:14,6
DA:16,4
DA:17,0
DA:20,4
LF:10
LH:8
BRDA:6,0,0,0
BRDA:16,1,0,0
BRF:2
BRH:0
end_of_record
TN:
SF:src\components\ProtectedRoute.jsx
FN:4,(anonymous_0)
FNF:1
FNH:1
FNDA:12,(anonymous_0)
DA:4,7
DA:5,12
DA:6,0
DA:9,12
DA:10,7
DA:12,7
LF:6
LH:5
BRDA:5,0,0,0
BRF:1
BRH:0
end_of_record
TN:
SF:src\components\mainPage\CurrentlyReading.jsx
FN:4,(anonymous_0)
FN:5,(anonymous_1)
FN:9,(anonymous_2)
FN:27,(anonymous_3)
FN:31,(anonymous_4)
FNF:5
FNH:0
FNDA:0,(anonymous_0)
FNDA:0,(anonymous_1)
FNDA:0,(anonymous_2)
FNDA:0,(anonymous_3)
FNDA:0,(anonymous_4)
DA:4,7
DA:5,0
DA:6,0
DA:9,7
DA:10,0
DA:11,0
DA:12,0
DA:14,0
DA:25,7
DA:27,7
DA:28,0
DA:32,0
DA:41,7
DA:43,14
LF:14
LH:6
BRF:0
BRH:0
end_of_record
TN:
SF:src\components\mainPage\NovelRow.jsx
FN:4,(anonymous_0)
FN:10,(anonymous_1)
FNF:2
FNH:0
FNDA:0,(anonymous_0)
FNDA:0,(anonymous_1)
DA:4,7
DA:5,0
DA:7,0
DA:11,0
DA:19,7
DA:21,7
LF:6
LH:3
BRF:0
BRH:0
end_of_record
TN:
SF:src\hooks\useAuth.js
FN:4,(anonymous_0)
FN:8,(anonymous_1)
FNF:2
FNH:2
FNDA:522,(anonymous_0)
FNDA:6,(anonymous_1)
DA:4,7
DA:5,522
DA:6,522
DA:8,522
DA:9,6
DA:10,6
DA:11,6
DA:13,6
DA:15,5
DA:17,5
DA:19,1
DA:20,1
DA:22,6
DA:26,522
LF:14
LH:14
BRF:0
BRH:0
end_of_record
TN:
SF:src\hooks\useNovel.js
FN:4,(anonymous_0)
FN:9,(anonymous_1)
FN:10,(anonymous_2)
FNF:3
FNH:3
FNDA:12,(anonymous_0)
FNDA:6,(anonymous_1)
FNDA:6,(anonymous_2)
DA:4,7
DA:5,12
DA:6,12
DA:7,12
DA:9,12
DA:10,6
DA:11,6
DA:12,6
DA:13,4
DA:15,0
DA:17,4
DA:21,6
DA:24,12
LF:13
LH:12
BRF:0
BRH:0
end_of_record
TN:
SF:src\hooks\useNovels.js
FN:4,(anonymous_0)
FN:9,(anonymous_1)
FN:10,(anonymous_2)
FNF:3
FNH:3
FNDA:30,(anonymous_0)
FNDA:24,(anonymous_1)
FNDA:24,(anonymous_2)
DA:4,7
DA:5,30
DA:6,30
DA:7,30
DA:9,30
DA:10,24
DA:11,24
DA:12,24
DA:13,12
DA:15,2
DA:17,14
DA:21,24
DA:24,30
LF:13
LH:13
BRF:0
BRH:0
end_of_record
TN:
SF:src\layout\Header.jsx
FN:8,(anonymous_0)
FNF:1
FNH:1
FNDA:12,(anonymous_0)
DA:8,7
DA:9,12
DA:28,7
DA:30,7
LF:4
LH:4
BRF:0
BRH:0
end_of_record
TN:
SF:src\layout\Layout.jsx
FN:4,(anonymous_0)
FNF:1
FNH:1
FNDA:12,(anonymous_0)
DA:4,7
DA:5,12
DA:13,7
DA:15,7
LF:4
LH:4
BRF:0
BRH:0
end_of_record
TN:
SF:src\pages\CatalogPage.jsx
FN:5,(anonymous_0)
FN:21,(anonymous_1)
FN:5,(anonymous_2)
FNF:3
FNH:3
FNDA:12,(anonymous_0)
FNDA:48,(anonymous_1)
FNDA:3,(anonymous_2)
DA:5,12
DA:6,12
DA:7,12
DA:9,12
DA:11,6
DA:22,48
DA:30,7
DA:32,7
LF:8
LH:8
BRDA:6,0,0,12
BRDA:6,0,1,12
BRDA:9,1,0,6
BRF:3
BRH:3
end_of_record
TN:
SF:src\pages\LoginPage.jsx
FN:6,(anonymous_0)
FN:15,(anonymous_1)
FN:37,(anonymous_2)
FN:45,(anonymous_3)
FN:6,(anonymous_4)
FNF:5
FNH:5
FNDA:522,(anonymous_0)
FNDA:6,(anonymous_1)
FNDA:155,(anonymous_2)
FNDA:88,(anonymous_3)
FNDA:6,(anonymous_4)
DA:6,522
DA:7,522
DA:8,522
DA:10,522
DA:11,522
DA:13,522
DA:15,522
DA:16,6
DA:18,6
DA:19,6
DA:20,5
DA:26,522
DA:37,155
DA:45,88
DA:57,7
DA:59,7
LF:16
LH:16
BRDA:7,0,0,522
BRDA:7,0,1,522
BRDA:48,1,0,522
BRDA:48,1,1,2
BRDA:51,2,0,12
BRDA:51,2,1,510
BRF:6
BRH:6
end_of_record
TN:
SF:src\pages\MainPage.jsx
FN:5,(anonymous_0)
FN:5,(anonymous_1)
FNF:2
FNH:2
FNDA:18,(anonymous_0)
FNDA:6,(anonymous_1)
DA:5,18
DA:6,18
DA:7,18
DA:9,18
DA:11,0
DA:17,7
DA:19,7
LF:7
LH:6
BRDA:6,0,0,18
BRDA:6,0,1,18
BRDA:9,1,0,18
BRF:3
BRH:3
end_of_record
TN:
SF:src\pages\NovelPage.jsx
FN:5,(anonymous_0)
FN:5,(anonymous_1)
FNF:2
FNH:2
FNDA:12,(anonymous_0)
FNDA:3,(anonymous_1)
DA:5,12
DA:6,12
DA:7,12
DA:9,12
DA:10,6
DA:11,6
DA:13,6
DA:46,7
DA:48,7
LF:9
LH:9
BRDA:7,0,0,12
BRDA:7,0,1,12
BRDA:9,1,0,6
BRDA:10,2,0,0
BRDA:11,3,0,0
BRF:5
BRH:3
end_of_record
TN:
SF:src\utils\auth.js
FN:1,(anonymous_0)
FN:5,(anonymous_1)
FN:9,(anonymous_2)
FNF:3
FNH:1
FNDA:0,(anonymous_0)
FNDA:12,(anonymous_1)
FNDA:0,(anonymous_2)
DA:1,7
DA:2,0
DA:5,7
DA:6,12
DA:9,7
DA:10,0
LF:6
LH:4
BRF:0
BRH:0
end_of_record
